{"C:\\Projects\\Javascript\\hairdresser-reservation\\server\\src\\app.js": {"path":"C:\\Projects\\Javascript\\hairdresser-reservation\\server\\src\\app.js","statementMap":{"0":{"start":{"line":1,"column":16},"end":{"line":1,"column":34}},"1":{"start":{"line":2,"column":13},"end":{"line":2,"column":28}},"2":{"start":{"line":3,"column":15},"end":{"line":3,"column":32}},"3":{"start":{"line":4,"column":13},"end":{"line":4,"column":28}},"4":{"start":{"line":5,"column":34},"end":{"line":5,"column":57}},"5":{"start":{"line":6,"column":27},"end":{"line":6,"column":72}},"6":{"start":{"line":7,"column":18},"end":{"line":7,"column":43}},"7":{"start":{"line":9,"column":12},"end":{"line":9,"column":21}},"8":{"start":{"line":12,"column":0},"end":{"line":12,"column":84}},"9":{"start":{"line":16,"column":0},"end":{"line":20,"column":4}},"10":{"start":{"line":23,"column":0},"end":{"line":23,"column":41}},"11":{"start":{"line":26,"column":0},"end":{"line":26,"column":24}},"12":{"start":{"line":29,"column":0},"end":{"line":29,"column":27}},"13":{"start":{"line":32,"column":0},"end":{"line":34,"column":3}},"14":{"start":{"line":33,"column":4},"end":{"line":33,"column":54}},"15":{"start":{"line":36,"column":0},"end":{"line":36,"column":21}}},"fnMap":{"0":{"name":"(anonymous_0)","decl":{"start":{"line":32,"column":19},"end":{"line":32,"column":20}},"loc":{"start":{"line":32,"column":33},"end":{"line":34,"column":1}},"line":32}},"branchMap":{"0":{"loc":{"start":{"line":17,"column":12},"end":{"line":17,"column":87}},"type":"cond-expr","locations":[{"start":{"line":17,"column":20},"end":{"line":17,"column":70}},{"start":{"line":17,"column":73},"end":{"line":17,"column":87}}],"line":17}},"s":{"0":1,"1":1,"2":1,"3":1,"4":1,"5":1,"6":1,"7":1,"8":1,"9":1,"10":1,"11":1,"12":1,"13":1,"14":0,"15":1},"f":{"0":0},"b":{"0":[0,1]},"_coverageSchema":"1a1c01bbd47fc00a2c39e90264f33305004495a9","hash":"e40d0366926673423ec23e8075c6696bb8ee1c10"}
,"C:\\Projects\\Javascript\\hairdresser-reservation\\server\\src\\config\\env.js": {"path":"C:\\Projects\\Javascript\\hairdresser-reservation\\server\\src\\config\\env.js","statementMap":{"0":{"start":{"line":1,"column":0},"end":{"line":1,"column":27}},"1":{"start":{"line":3,"column":14},"end":{"line":3,"column":52}},"2":{"start":{"line":4,"column":23},"end":{"line":4,"column":76}},"3":{"start":{"line":5,"column":19},"end":{"line":5,"column":78}},"4":{"start":{"line":6,"column":23},"end":{"line":6,"column":58}},"5":{"start":{"line":7,"column":13},"end":{"line":7,"column":37}},"6":{"start":{"line":9,"column":0},"end":{"line":15,"column":2}}},"fnMap":{},"branchMap":{"0":{"loc":{"start":{"line":4,"column":23},"end":{"line":4,"column":76}},"type":"binary-expr","locations":[{"start":{"line":4,"column":23},"end":{"line":4,"column":49}},{"start":{"line":4,"column":53},"end":{"line":4,"column":76}}],"line":4},"1":{"loc":{"start":{"line":5,"column":19},"end":{"line":5,"column":78}},"type":"binary-expr","locations":[{"start":{"line":5,"column":19},"end":{"line":5,"column":41}},{"start":{"line":5,"column":45},"end":{"line":5,"column":78}}],"line":5},"2":{"loc":{"start":{"line":6,"column":23},"end":{"line":6,"column":58}},"type":"binary-expr","locations":[{"start":{"line":6,"column":23},"end":{"line":6,"column":49}},{"start":{"line":6,"column":53},"end":{"line":6,"column":58}}],"line":6},"3":{"loc":{"start":{"line":7,"column":13},"end":{"line":7,"column":37}},"type":"binary-expr","locations":[{"start":{"line":7,"column":13},"end":{"line":7,"column":29}},{"start":{"line":7,"column":33},"end":{"line":7,"column":37}}],"line":7}},"s":{"0":1,"1":1,"2":1,"3":1,"4":1,"5":1,"6":1},"f":{},"b":{"0":[1,0],"1":[1,0],"2":[1,0],"3":[1,0]},"_coverageSchema":"1a1c01bbd47fc00a2c39e90264f33305004495a9","hash":"427b7d0b28057f405ce62f8329d4fff5cff8208f"}
,"C:\\Projects\\Javascript\\hairdresser-reservation\\server\\src\\config\\logger.js": {"path":"C:\\Projects\\Javascript\\hairdresser-reservation\\server\\src\\config\\logger.js","statementMap":{"0":{"start":{"line":1,"column":12},"end":{"line":5,"column":1}},"1":{"start":{"line":2,"column":18},"end":{"line":2,"column":75}},"2":{"start":{"line":3,"column":4},"end":{"line":4,"column":44}},"3":{"start":{"line":3,"column":27},"end":{"line":3,"column":64}},"4":{"start":{"line":4,"column":9},"end":{"line":4,"column":44}},"5":{"start":{"line":7,"column":0},"end":{"line":9,"column":2}}},"fnMap":{"0":{"name":"(anonymous_0)","decl":{"start":{"line":1,"column":12},"end":{"line":1,"column":13}},"loc":{"start":{"line":1,"column":43},"end":{"line":5,"column":1}},"line":1}},"branchMap":{"0":{"loc":{"start":{"line":1,"column":29},"end":{"line":1,"column":38}},"type":"default-arg","locations":[{"start":{"line":1,"column":36},"end":{"line":1,"column":38}}],"line":1},"1":{"loc":{"start":{"line":3,"column":4},"end":{"line":4,"column":44}},"type":"if","locations":[{"start":{"line":3,"column":4},"end":{"line":4,"column":44}},{"start":{"line":4,"column":9},"end":{"line":4,"column":44}}],"line":3}},"s":{"0":2,"1":0,"2":0,"3":0,"4":0,"5":2},"f":{"0":0},"b":{"0":[0],"1":[0,0]},"_coverageSchema":"1a1c01bbd47fc00a2c39e90264f33305004495a9","hash":"c324a70842f9b5530befe303a13e741f07ea5ead"}
,"C:\\Projects\\Javascript\\hairdresser-reservation\\server\\src\\controllers\\admin.controller.js": {"path":"C:\\Projects\\Javascript\\hairdresser-reservation\\server\\src\\controllers\\admin.controller.js","statementMap":{"0":{"start":{"line":1,"column":15},"end":{"line":1,"column":32}},"1":{"start":{"line":2,"column":12},"end":{"line":2,"column":35}},"2":{"start":{"line":3,"column":11},"end":{"line":3,"column":44}},"3":{"start":{"line":4,"column":16},"end":{"line":4,"column":43}},"4":{"start":{"line":5,"column":39},"end":{"line":5,"column":63}},"5":{"start":{"line":8,"column":14},"end":{"line":45,"column":1}},"6":{"start":{"line":9,"column":35},"end":{"line":9,"column":43}},"7":{"start":{"line":10,"column":4},"end":{"line":11,"column":82}},"8":{"start":{"line":11,"column":8},"end":{"line":11,"column":82}},"9":{"start":{"line":13,"column":4},"end":{"line":44,"column":5}},"10":{"start":{"line":14,"column":21},"end":{"line":14,"column":58}},"11":{"start":{"line":15,"column":22},"end":{"line":15,"column":84}},"12":{"start":{"line":16,"column":22},"end":{"line":16,"column":82}},"13":{"start":{"line":18,"column":8},"end":{"line":19,"column":87}},"14":{"start":{"line":19,"column":12},"end":{"line":19,"column":87}},"15":{"start":{"line":22,"column":8},"end":{"line":23,"column":116}},"16":{"start":{"line":23,"column":12},"end":{"line":23,"column":116}},"17":{"start":{"line":25,"column":22},"end":{"line":29,"column":9}},"18":{"start":{"line":31,"column":8},"end":{"line":40,"column":11}},"19":{"start":{"line":42,"column":8},"end":{"line":42,"column":74}},"20":{"start":{"line":43,"column":8},"end":{"line":43,"column":58}},"21":{"start":{"line":48,"column":17},"end":{"line":90,"column":1}},"22":{"start":{"line":49,"column":54},"end":{"line":49,"column":62}},"23":{"start":{"line":51,"column":4},"end":{"line":52,"column":82}},"24":{"start":{"line":52,"column":8},"end":{"line":52,"column":82}},"25":{"start":{"line":53,"column":4},"end":{"line":54,"column":98}},"26":{"start":{"line":54,"column":8},"end":{"line":54,"column":98}},"27":{"start":{"line":55,"column":4},"end":{"line":56,"column":84}},"28":{"start":{"line":56,"column":8},"end":{"line":56,"column":84}},"29":{"start":{"line":59,"column":25},"end":{"line":59,"column":44}},"30":{"start":{"line":60,"column":4},"end":{"line":61,"column":93}},"31":{"start":{"line":61,"column":8},"end":{"line":61,"column":93}},"32":{"start":{"line":63,"column":4},"end":{"line":89,"column":5}},"33":{"start":{"line":64,"column":8},"end":{"line":65,"column":89}},"34":{"start":{"line":65,"column":12},"end":{"line":65,"column":89}},"35":{"start":{"line":67,"column":21},"end":{"line":67,"column":52}},"36":{"start":{"line":68,"column":21},"end":{"line":75,"column":10}},"37":{"start":{"line":77,"column":8},"end":{"line":85,"column":11}},"38":{"start":{"line":87,"column":8},"end":{"line":87,"column":77}},"39":{"start":{"line":88,"column":8},"end":{"line":88,"column":58}},"40":{"start":{"line":93,"column":14},"end":{"line":112,"column":1}},"41":{"start":{"line":94,"column":4},"end":{"line":111,"column":5}},"42":{"start":{"line":95,"column":21},"end":{"line":95,"column":55}},"43":{"start":{"line":96,"column":8},"end":{"line":97,"column":76}},"44":{"start":{"line":97,"column":12},"end":{"line":97,"column":76}},"45":{"start":{"line":99,"column":8},"end":{"line":107,"column":11}},"46":{"start":{"line":109,"column":8},"end":{"line":109,"column":70}},"47":{"start":{"line":110,"column":8},"end":{"line":110,"column":58}},"48":{"start":{"line":115,"column":22},"end":{"line":138,"column":1}},"49":{"start":{"line":116,"column":28},"end":{"line":116,"column":36}},"50":{"start":{"line":118,"column":4},"end":{"line":137,"column":5}},"51":{"start":{"line":119,"column":21},"end":{"line":122,"column":10}},"52":{"start":{"line":124,"column":8},"end":{"line":133,"column":11}},"53":{"start":{"line":135,"column":8},"end":{"line":135,"column":75}},"54":{"start":{"line":136,"column":8},"end":{"line":136,"column":58}},"55":{"start":{"line":141,"column":25},"end":{"line":170,"column":1}},"56":{"start":{"line":142,"column":19},"end":{"line":142,"column":29}},"57":{"start":{"line":143,"column":25},"end":{"line":143,"column":33}},"58":{"start":{"line":145,"column":4},"end":{"line":169,"column":5}},"59":{"start":{"line":146,"column":21},"end":{"line":146,"column":46}},"60":{"start":{"line":147,"column":8},"end":{"line":148,"column":76}},"61":{"start":{"line":148,"column":12},"end":{"line":148,"column":76}},"62":{"start":{"line":151,"column":8},"end":{"line":152,"column":91}},"63":{"start":{"line":152,"column":12},"end":{"line":152,"column":91}},"64":{"start":{"line":154,"column":24},"end":{"line":154,"column":61}},"65":{"start":{"line":156,"column":8},"end":{"line":165,"column":11}},"66":{"start":{"line":167,"column":8},"end":{"line":167,"column":84}},"67":{"start":{"line":168,"column":8},"end":{"line":168,"column":58}},"68":{"start":{"line":172,"column":0},"end":{"line":178,"column":2}}},"fnMap":{"0":{"name":"(anonymous_0)","decl":{"start":{"line":8,"column":14},"end":{"line":8,"column":15}},"loc":{"start":{"line":8,"column":34},"end":{"line":45,"column":1}},"line":8},"1":{"name":"(anonymous_1)","decl":{"start":{"line":48,"column":17},"end":{"line":48,"column":18}},"loc":{"start":{"line":48,"column":37},"end":{"line":90,"column":1}},"line":48},"2":{"name":"(anonymous_2)","decl":{"start":{"line":93,"column":14},"end":{"line":93,"column":15}},"loc":{"start":{"line":93,"column":34},"end":{"line":112,"column":1}},"line":93},"3":{"name":"(anonymous_3)","decl":{"start":{"line":115,"column":22},"end":{"line":115,"column":23}},"loc":{"start":{"line":115,"column":42},"end":{"line":138,"column":1}},"line":115},"4":{"name":"(anonymous_4)","decl":{"start":{"line":141,"column":25},"end":{"line":141,"column":26}},"loc":{"start":{"line":141,"column":45},"end":{"line":170,"column":1}},"line":141}},"branchMap":{"0":{"loc":{"start":{"line":10,"column":4},"end":{"line":11,"column":82}},"type":"if","locations":[{"start":{"line":10,"column":4},"end":{"line":11,"column":82}},{"start":{},"end":{}}],"line":10},"1":{"loc":{"start":{"line":10,"column":8},"end":{"line":10,"column":30}},"type":"binary-expr","locations":[{"start":{"line":10,"column":8},"end":{"line":10,"column":17}},{"start":{"line":10,"column":21},"end":{"line":10,"column":30}}],"line":10},"2":{"loc":{"start":{"line":16,"column":53},"end":{"line":16,"column":81}},"type":"cond-expr","locations":[{"start":{"line":16,"column":60},"end":{"line":16,"column":73}},{"start":{"line":16,"column":76},"end":{"line":16,"column":81}}],"line":16},"3":{"loc":{"start":{"line":18,"column":8},"end":{"line":19,"column":87}},"type":"if","locations":[{"start":{"line":18,"column":8},"end":{"line":19,"column":87}},{"start":{},"end":{}}],"line":18},"4":{"loc":{"start":{"line":18,"column":12},"end":{"line":18,"column":27}},"type":"binary-expr","locations":[{"start":{"line":18,"column":12},"end":{"line":18,"column":17}},{"start":{"line":18,"column":21},"end":{"line":18,"column":27}}],"line":18},"5":{"loc":{"start":{"line":22,"column":8},"end":{"line":23,"column":116}},"type":"if","locations":[{"start":{"line":22,"column":8},"end":{"line":23,"column":116}},{"start":{},"end":{}}],"line":22},"6":{"loc":{"start":{"line":51,"column":4},"end":{"line":52,"column":82}},"type":"if","locations":[{"start":{"line":51,"column":4},"end":{"line":52,"column":82}},{"start":{},"end":{}}],"line":51},"7":{"loc":{"start":{"line":51,"column":8},"end":{"line":51,"column":30}},"type":"binary-expr","locations":[{"start":{"line":51,"column":8},"end":{"line":51,"column":17}},{"start":{"line":51,"column":21},"end":{"line":51,"column":30}}],"line":51},"8":{"loc":{"start":{"line":53,"column":4},"end":{"line":54,"column":98}},"type":"if","locations":[{"start":{"line":53,"column":4},"end":{"line":54,"column":98}},{"start":{},"end":{}}],"line":53},"9":{"loc":{"start":{"line":53,"column":8},"end":{"line":53,"column":51}},"type":"binary-expr","locations":[{"start":{"line":53,"column":8},"end":{"line":53,"column":27}},{"start":{"line":53,"column":31},"end":{"line":53,"column":51}}],"line":53},"10":{"loc":{"start":{"line":55,"column":4},"end":{"line":56,"column":84}},"type":"if","locations":[{"start":{"line":55,"column":4},"end":{"line":56,"column":84}},{"start":{},"end":{}}],"line":55},"11":{"loc":{"start":{"line":60,"column":4},"end":{"line":61,"column":93}},"type":"if","locations":[{"start":{"line":60,"column":4},"end":{"line":61,"column":93}},{"start":{},"end":{}}],"line":60},"12":{"loc":{"start":{"line":60,"column":8},"end":{"line":60,"column":44}},"type":"binary-expr","locations":[{"start":{"line":60,"column":8},"end":{"line":60,"column":12}},{"start":{"line":60,"column":16},"end":{"line":60,"column":44}}],"line":60},"13":{"loc":{"start":{"line":64,"column":8},"end":{"line":65,"column":89}},"type":"if","locations":[{"start":{"line":64,"column":8},"end":{"line":65,"column":89}},{"start":{},"end":{}}],"line":64},"14":{"loc":{"start":{"line":71,"column":18},"end":{"line":71,"column":34}},"type":"binary-expr","locations":[{"start":{"line":71,"column":18},"end":{"line":71,"column":22}},{"start":{"line":71,"column":26},"end":{"line":71,"column":34}}],"line":71},"15":{"loc":{"start":{"line":72,"column":18},"end":{"line":72,"column":30}},"type":"binary-expr","locations":[{"start":{"line":72,"column":18},"end":{"line":72,"column":22}},{"start":{"line":72,"column":26},"end":{"line":72,"column":30}}],"line":72},"16":{"loc":{"start":{"line":73,"column":19},"end":{"line":73,"column":32}},"type":"binary-expr","locations":[{"start":{"line":73,"column":19},"end":{"line":73,"column":24}},{"start":{"line":73,"column":28},"end":{"line":73,"column":32}}],"line":73},"17":{"loc":{"start":{"line":96,"column":8},"end":{"line":97,"column":76}},"type":"if","locations":[{"start":{"line":96,"column":8},"end":{"line":97,"column":76}},{"start":{},"end":{}}],"line":96},"18":{"loc":{"start":{"line":120,"column":18},"end":{"line":120,"column":35}},"type":"binary-expr","locations":[{"start":{"line":120,"column":18},"end":{"line":120,"column":22}},{"start":{"line":120,"column":26},"end":{"line":120,"column":35}}],"line":120},"19":{"loc":{"start":{"line":121,"column":19},"end":{"line":121,"column":37}},"type":"binary-expr","locations":[{"start":{"line":121,"column":19},"end":{"line":121,"column":24}},{"start":{"line":121,"column":28},"end":{"line":121,"column":37}}],"line":121},"20":{"loc":{"start":{"line":147,"column":8},"end":{"line":148,"column":76}},"type":"if","locations":[{"start":{"line":147,"column":8},"end":{"line":148,"column":76}},{"start":{},"end":{}}],"line":147},"21":{"loc":{"start":{"line":151,"column":8},"end":{"line":152,"column":91}},"type":"if","locations":[{"start":{"line":151,"column":8},"end":{"line":152,"column":91}},{"start":{},"end":{}}],"line":151}},"s":{"0":1,"1":1,"2":1,"3":1,"4":1,"5":1,"6":0,"7":0,"8":0,"9":0,"10":0,"11":0,"12":0,"13":0,"14":0,"15":0,"16":0,"17":0,"18":0,"19":0,"20":0,"21":1,"22":0,"23":0,"24":0,"25":0,"26":0,"27":0,"28":0,"29":0,"30":0,"31":0,"32":0,"33":0,"34":0,"35":0,"36":0,"37":0,"38":0,"39":0,"40":1,"41":0,"42":0,"43":0,"44":0,"45":0,"46":0,"47":0,"48":1,"49":0,"50":0,"51":0,"52":0,"53":0,"54":0,"55":1,"56":0,"57":0,"58":0,"59":0,"60":0,"61":0,"62":0,"63":0,"64":0,"65":0,"66":0,"67":0,"68":1},"f":{"0":0,"1":0,"2":0,"3":0,"4":0},"b":{"0":[0,0],"1":[0,0],"2":[0,0],"3":[0,0],"4":[0,0],"5":[0,0],"6":[0,0],"7":[0,0],"8":[0,0],"9":[0,0],"10":[0,0],"11":[0,0],"12":[0,0],"13":[0,0],"14":[0,0],"15":[0,0],"16":[0,0],"17":[0,0],"18":[0,0],"19":[0,0],"20":[0,0],"21":[0,0]},"_coverageSchema":"1a1c01bbd47fc00a2c39e90264f33305004495a9","hash":"1a654bdba6b7d53230ecb3679a47b132cfd913db"}
,"C:\\Projects\\Javascript\\hairdresser-reservation\\server\\src\\controllers\\appointment.controller.js": {"path":"C:\\Projects\\Javascript\\hairdresser-reservation\\server\\src\\controllers\\appointment.controller.js","statementMap":{"0":{"start":{"line":1,"column":15},"end":{"line":1,"column":32}},"1":{"start":{"line":2,"column":18},"end":{"line":2,"column":38}},"2":{"start":{"line":3,"column":11},"end":{"line":3,"column":44}},"3":{"start":{"line":4,"column":16},"end":{"line":4,"column":43}},"4":{"start":{"line":5,"column":38},"end":{"line":5,"column":68}},"5":{"start":{"line":6,"column":21},"end":{"line":6,"column":41}},"6":{"start":{"line":9,"column":24},"end":{"line":33,"column":1}},"7":{"start":{"line":10,"column":25},"end":{"line":10,"column":34}},"8":{"start":{"line":12,"column":4},"end":{"line":32,"column":5}},"9":{"start":{"line":14,"column":8},"end":{"line":20,"column":9}},"10":{"start":{"line":16,"column":12},"end":{"line":16,"column":66}},"11":{"start":{"line":19,"column":12},"end":{"line":19,"column":54}},"12":{"start":{"line":22,"column":8},"end":{"line":28,"column":13}},"13":{"start":{"line":22,"column":40},"end":{"line":28,"column":9}},"14":{"start":{"line":30,"column":8},"end":{"line":30,"column":88}},"15":{"start":{"line":31,"column":8},"end":{"line":31,"column":58}},"16":{"start":{"line":36,"column":24},"end":{"line":73,"column":1}},"17":{"start":{"line":37,"column":39},"end":{"line":37,"column":48}},"18":{"start":{"line":39,"column":4},"end":{"line":72,"column":5}},"19":{"start":{"line":40,"column":24},"end":{"line":40,"column":26}},"20":{"start":{"line":43,"column":8},"end":{"line":48,"column":9}},"21":{"start":{"line":44,"column":12},"end":{"line":44,"column":43}},"22":{"start":{"line":45,"column":15},"end":{"line":48,"column":9}},"23":{"start":{"line":47,"column":12},"end":{"line":47,"column":40}},"24":{"start":{"line":51,"column":8},"end":{"line":53,"column":9}},"25":{"start":{"line":52,"column":12},"end":{"line":52,"column":36}},"26":{"start":{"line":56,"column":8},"end":{"line":65,"column":9}},"27":{"start":{"line":57,"column":30},"end":{"line":57,"column":44}},"28":{"start":{"line":58,"column":12},"end":{"line":58,"column":43}},"29":{"start":{"line":59,"column":28},"end":{"line":59,"column":42}},"30":{"start":{"line":60,"column":12},"end":{"line":60,"column":46}},"31":{"start":{"line":61,"column":12},"end":{"line":64,"column":14}},"32":{"start":{"line":67,"column":29},"end":{"line":67,"column":62}},"33":{"start":{"line":68,"column":8},"end":{"line":68,"column":31}},"34":{"start":{"line":70,"column":8},"end":{"line":70,"column":75}},"35":{"start":{"line":71,"column":8},"end":{"line":71,"column":58}},"36":{"start":{"line":76,"column":26},"end":{"line":131,"column":1}},"37":{"start":{"line":77,"column":69},"end":{"line":77,"column":77}},"38":{"start":{"line":80,"column":4},"end":{"line":80,"column":93}},"39":{"start":{"line":80,"column":17},"end":{"line":80,"column":93}},"40":{"start":{"line":82,"column":28},"end":{"line":85,"column":5}},"41":{"start":{"line":86,"column":4},"end":{"line":87,"column":74}},"42":{"start":{"line":87,"column":8},"end":{"line":87,"column":74}},"43":{"start":{"line":89,"column":4},"end":{"line":90,"column":103}},"44":{"start":{"line":90,"column":8},"end":{"line":90,"column":103}},"45":{"start":{"line":92,"column":4},"end":{"line":93,"column":88}},"46":{"start":{"line":93,"column":8},"end":{"line":93,"column":88}},"47":{"start":{"line":96,"column":4},"end":{"line":97,"column":75}},"48":{"start":{"line":97,"column":8},"end":{"line":97,"column":75}},"49":{"start":{"line":99,"column":17},"end":{"line":99,"column":31}},"50":{"start":{"line":100,"column":4},"end":{"line":101,"column":66}},"51":{"start":{"line":101,"column":8},"end":{"line":101,"column":66}},"52":{"start":{"line":103,"column":4},"end":{"line":104,"column":99}},"53":{"start":{"line":104,"column":8},"end":{"line":104,"column":99}},"54":{"start":{"line":106,"column":4},"end":{"line":107,"column":77}},"55":{"start":{"line":107,"column":8},"end":{"line":107,"column":77}},"56":{"start":{"line":109,"column":4},"end":{"line":130,"column":5}},"57":{"start":{"line":111,"column":8},"end":{"line":112,"column":115}},"58":{"start":{"line":112,"column":12},"end":{"line":112,"column":115}},"59":{"start":{"line":114,"column":21},"end":{"line":122,"column":10}},"60":{"start":{"line":124,"column":19},"end":{"line":124,"column":39}},"61":{"start":{"line":125,"column":8},"end":{"line":125,"column":41}},"62":{"start":{"line":126,"column":8},"end":{"line":126,"column":35}},"63":{"start":{"line":128,"column":8},"end":{"line":128,"column":76}},"64":{"start":{"line":129,"column":8},"end":{"line":129,"column":58}},"65":{"start":{"line":134,"column":26},"end":{"line":162,"column":1}},"66":{"start":{"line":135,"column":19},"end":{"line":135,"column":29}},"67":{"start":{"line":136,"column":30},"end":{"line":136,"column":38}},"68":{"start":{"line":138,"column":4},"end":{"line":139,"column":66}},"69":{"start":{"line":139,"column":8},"end":{"line":139,"column":66}},"70":{"start":{"line":141,"column":4},"end":{"line":161,"column":5}},"71":{"start":{"line":142,"column":28},"end":{"line":142,"column":59}},"72":{"start":{"line":143,"column":8},"end":{"line":144,"column":74}},"73":{"start":{"line":144,"column":12},"end":{"line":144,"column":74}},"74":{"start":{"line":149,"column":8},"end":{"line":150,"column":92}},"75":{"start":{"line":150,"column":12},"end":{"line":150,"column":92}},"76":{"start":{"line":152,"column":24},"end":{"line":152,"column":73}},"77":{"start":{"line":154,"column":19},"end":{"line":154,"column":39}},"78":{"start":{"line":155,"column":8},"end":{"line":155,"column":48}},"79":{"start":{"line":157,"column":8},"end":{"line":157,"column":26}},"80":{"start":{"line":159,"column":8},"end":{"line":159,"column":81}},"81":{"start":{"line":160,"column":8},"end":{"line":160,"column":58}},"82":{"start":{"line":165,"column":26},"end":{"line":183,"column":1}},"83":{"start":{"line":166,"column":19},"end":{"line":166,"column":29}},"84":{"start":{"line":168,"column":4},"end":{"line":182,"column":5}},"85":{"start":{"line":169,"column":28},"end":{"line":169,"column":59}},"86":{"start":{"line":170,"column":8},"end":{"line":171,"column":74}},"87":{"start":{"line":171,"column":12},"end":{"line":171,"column":74}},"88":{"start":{"line":173,"column":8},"end":{"line":173,"column":39}},"89":{"start":{"line":175,"column":19},"end":{"line":175,"column":39}},"90":{"start":{"line":176,"column":8},"end":{"line":176,"column":47}},"91":{"start":{"line":178,"column":8},"end":{"line":178,"column":65}},"92":{"start":{"line":180,"column":8},"end":{"line":180,"column":82}},"93":{"start":{"line":181,"column":8},"end":{"line":181,"column":58}},"94":{"start":{"line":186,"column":23},"end":{"line":203,"column":1}},"95":{"start":{"line":187,"column":19},"end":{"line":187,"column":29}},"96":{"start":{"line":189,"column":4},"end":{"line":202,"column":5}},"97":{"start":{"line":190,"column":28},"end":{"line":190,"column":59}},"98":{"start":{"line":191,"column":8},"end":{"line":192,"column":74}},"99":{"start":{"line":192,"column":12},"end":{"line":192,"column":74}},"100":{"start":{"line":195,"column":8},"end":{"line":196,"column":93}},"101":{"start":{"line":196,"column":12},"end":{"line":196,"column":93}},"102":{"start":{"line":198,"column":8},"end":{"line":198,"column":30}},"103":{"start":{"line":200,"column":8},"end":{"line":200,"column":79}},"104":{"start":{"line":201,"column":8},"end":{"line":201,"column":58}},"105":{"start":{"line":206,"column":26},"end":{"line":245,"column":1}},"106":{"start":{"line":207,"column":34},"end":{"line":207,"column":43}},"107":{"start":{"line":209,"column":4},"end":{"line":211,"column":5}},"108":{"start":{"line":210,"column":8},"end":{"line":210,"column":100}},"109":{"start":{"line":213,"column":4},"end":{"line":244,"column":5}},"110":{"start":{"line":214,"column":27},"end":{"line":214,"column":29}},"111":{"start":{"line":216,"column":8},"end":{"line":222,"column":9}},"112":{"start":{"line":217,"column":28},"end":{"line":217,"column":78}},"113":{"start":{"line":218,"column":12},"end":{"line":218,"column":41}},"114":{"start":{"line":219,"column":15},"end":{"line":222,"column":9}},"115":{"start":{"line":220,"column":27},"end":{"line":220,"column":70}},"116":{"start":{"line":221,"column":12},"end":{"line":221,"column":48}},"117":{"start":{"line":221,"column":24},"end":{"line":221,"column":48}},"118":{"start":{"line":225,"column":35},"end":{"line":238,"column":10}},"119":{"start":{"line":226,"column":26},"end":{"line":226,"column":46}},"120":{"start":{"line":227,"column":31},"end":{"line":227,"column":76}},"121":{"start":{"line":227,"column":46},"end":{"line":227,"column":65}},"122":{"start":{"line":229,"column":12},"end":{"line":237,"column":14}},"123":{"start":{"line":240,"column":8},"end":{"line":240,"column":37}},"124":{"start":{"line":242,"column":8},"end":{"line":242,"column":81}},"125":{"start":{"line":243,"column":8},"end":{"line":243,"column":58}},"126":{"start":{"line":247,"column":0},"end":{"line":255,"column":2}}},"fnMap":{"0":{"name":"(anonymous_0)","decl":{"start":{"line":9,"column":24},"end":{"line":9,"column":25}},"loc":{"start":{"line":9,"column":44},"end":{"line":33,"column":1}},"line":9},"1":{"name":"(anonymous_1)","decl":{"start":{"line":22,"column":34},"end":{"line":22,"column":35}},"loc":{"start":{"line":22,"column":40},"end":{"line":28,"column":9}},"line":22},"2":{"name":"(anonymous_2)","decl":{"start":{"line":36,"column":24},"end":{"line":36,"column":25}},"loc":{"start":{"line":36,"column":44},"end":{"line":73,"column":1}},"line":36},"3":{"name":"(anonymous_3)","decl":{"start":{"line":76,"column":26},"end":{"line":76,"column":27}},"loc":{"start":{"line":76,"column":46},"end":{"line":131,"column":1}},"line":76},"4":{"name":"(anonymous_4)","decl":{"start":{"line":134,"column":26},"end":{"line":134,"column":27}},"loc":{"start":{"line":134,"column":46},"end":{"line":162,"column":1}},"line":134},"5":{"name":"(anonymous_5)","decl":{"start":{"line":165,"column":26},"end":{"line":165,"column":27}},"loc":{"start":{"line":165,"column":46},"end":{"line":183,"column":1}},"line":165},"6":{"name":"(anonymous_6)","decl":{"start":{"line":186,"column":23},"end":{"line":186,"column":24}},"loc":{"start":{"line":186,"column":43},"end":{"line":203,"column":1}},"line":186},"7":{"name":"(anonymous_7)","decl":{"start":{"line":206,"column":26},"end":{"line":206,"column":27}},"loc":{"start":{"line":206,"column":46},"end":{"line":245,"column":1}},"line":206},"8":{"name":"(anonymous_8)","decl":{"start":{"line":225,"column":52},"end":{"line":225,"column":53}},"loc":{"start":{"line":225,"column":60},"end":{"line":238,"column":9}},"line":225},"9":{"name":"(anonymous_9)","decl":{"start":{"line":227,"column":41},"end":{"line":227,"column":42}},"loc":{"start":{"line":227,"column":46},"end":{"line":227,"column":65}},"line":227}},"branchMap":{"0":{"loc":{"start":{"line":14,"column":8},"end":{"line":20,"column":9}},"type":"if","locations":[{"start":{"line":14,"column":8},"end":{"line":20,"column":9}},{"start":{"line":17,"column":15},"end":{"line":20,"column":9}}],"line":14},"1":{"loc":{"start":{"line":43,"column":8},"end":{"line":48,"column":9}},"type":"if","locations":[{"start":{"line":43,"column":8},"end":{"line":48,"column":9}},{"start":{"line":45,"column":15},"end":{"line":48,"column":9}}],"line":43},"2":{"loc":{"start":{"line":45,"column":15},"end":{"line":48,"column":9}},"type":"if","locations":[{"start":{"line":45,"column":15},"end":{"line":48,"column":9}},{"start":{},"end":{}}],"line":45},"3":{"loc":{"start":{"line":51,"column":8},"end":{"line":53,"column":9}},"type":"if","locations":[{"start":{"line":51,"column":8},"end":{"line":53,"column":9}},{"start":{},"end":{}}],"line":51},"4":{"loc":{"start":{"line":51,"column":12},"end":{"line":51,"column":38}},"type":"binary-expr","locations":[{"start":{"line":51,"column":12},"end":{"line":51,"column":18}},{"start":{"line":51,"column":22},"end":{"line":51,"column":38}}],"line":51},"5":{"loc":{"start":{"line":56,"column":8},"end":{"line":65,"column":9}},"type":"if","locations":[{"start":{"line":56,"column":8},"end":{"line":65,"column":9}},{"start":{},"end":{}}],"line":56},"6":{"loc":{"start":{"line":80,"column":4},"end":{"line":80,"column":93}},"type":"if","locations":[{"start":{"line":80,"column":4},"end":{"line":80,"column":93}},{"start":{},"end":{}}],"line":80},"7":{"loc":{"start":{"line":86,"column":4},"end":{"line":87,"column":74}},"type":"if","locations":[{"start":{"line":86,"column":4},"end":{"line":87,"column":74}},{"start":{},"end":{}}],"line":86},"8":{"loc":{"start":{"line":89,"column":4},"end":{"line":90,"column":103}},"type":"if","locations":[{"start":{"line":89,"column":4},"end":{"line":90,"column":103}},{"start":{},"end":{}}],"line":89},"9":{"loc":{"start":{"line":92,"column":4},"end":{"line":93,"column":88}},"type":"if","locations":[{"start":{"line":92,"column":4},"end":{"line":93,"column":88}},{"start":{},"end":{}}],"line":92},"10":{"loc":{"start":{"line":96,"column":4},"end":{"line":97,"column":75}},"type":"if","locations":[{"start":{"line":96,"column":4},"end":{"line":97,"column":75}},{"start":{},"end":{}}],"line":96},"11":{"loc":{"start":{"line":100,"column":4},"end":{"line":101,"column":66}},"type":"if","locations":[{"start":{"line":100,"column":4},"end":{"line":101,"column":66}},{"start":{},"end":{}}],"line":100},"12":{"loc":{"start":{"line":103,"column":4},"end":{"line":104,"column":99}},"type":"if","locations":[{"start":{"line":103,"column":4},"end":{"line":104,"column":99}},{"start":{},"end":{}}],"line":103},"13":{"loc":{"start":{"line":103,"column":8},"end":{"line":103,"column":63}},"type":"binary-expr","locations":[{"start":{"line":103,"column":8},"end":{"line":103,"column":36}},{"start":{"line":103,"column":40},"end":{"line":103,"column":63}}],"line":103},"14":{"loc":{"start":{"line":106,"column":4},"end":{"line":107,"column":77}},"type":"if","locations":[{"start":{"line":106,"column":4},"end":{"line":107,"column":77}},{"start":{},"end":{}}],"line":106},"15":{"loc":{"start":{"line":111,"column":8},"end":{"line":112,"column":115}},"type":"if","locations":[{"start":{"line":111,"column":8},"end":{"line":112,"column":115}},{"start":{},"end":{}}],"line":111},"16":{"loc":{"start":{"line":117,"column":39},"end":{"line":117,"column":52}},"type":"binary-expr","locations":[{"start":{"line":117,"column":39},"end":{"line":117,"column":46}},{"start":{"line":117,"column":50},"end":{"line":117,"column":52}}],"line":117},"17":{"loc":{"start":{"line":120,"column":19},"end":{"line":120,"column":64}},"type":"cond-expr","locations":[{"start":{"line":120,"column":27},"end":{"line":120,"column":57}},{"start":{"line":120,"column":60},"end":{"line":120,"column":64}}],"line":120},"18":{"loc":{"start":{"line":138,"column":4},"end":{"line":139,"column":66}},"type":"if","locations":[{"start":{"line":138,"column":4},"end":{"line":139,"column":66}},{"start":{},"end":{}}],"line":138},"19":{"loc":{"start":{"line":143,"column":8},"end":{"line":144,"column":74}},"type":"if","locations":[{"start":{"line":143,"column":8},"end":{"line":144,"column":74}},{"start":{},"end":{}}],"line":143},"20":{"loc":{"start":{"line":149,"column":8},"end":{"line":150,"column":92}},"type":"if","locations":[{"start":{"line":149,"column":8},"end":{"line":150,"column":92}},{"start":{},"end":{}}],"line":149},"21":{"loc":{"start":{"line":149,"column":12},"end":{"line":149,"column":78}},"type":"binary-expr","locations":[{"start":{"line":149,"column":12},"end":{"line":149,"column":38}},{"start":{"line":149,"column":42},"end":{"line":149,"column":78}}],"line":149},"22":{"loc":{"start":{"line":170,"column":8},"end":{"line":171,"column":74}},"type":"if","locations":[{"start":{"line":170,"column":8},"end":{"line":171,"column":74}},{"start":{},"end":{}}],"line":170},"23":{"loc":{"start":{"line":191,"column":8},"end":{"line":192,"column":74}},"type":"if","locations":[{"start":{"line":191,"column":8},"end":{"line":192,"column":74}},{"start":{},"end":{}}],"line":191},"24":{"loc":{"start":{"line":195,"column":8},"end":{"line":196,"column":93}},"type":"if","locations":[{"start":{"line":195,"column":8},"end":{"line":196,"column":93}},{"start":{},"end":{}}],"line":195},"25":{"loc":{"start":{"line":195,"column":12},"end":{"line":195,"column":78}},"type":"binary-expr","locations":[{"start":{"line":195,"column":12},"end":{"line":195,"column":38}},{"start":{"line":195,"column":42},"end":{"line":195,"column":78}}],"line":195},"26":{"loc":{"start":{"line":209,"column":4},"end":{"line":211,"column":5}},"type":"if","locations":[{"start":{"line":209,"column":4},"end":{"line":211,"column":5}},{"start":{},"end":{}}],"line":209},"27":{"loc":{"start":{"line":209,"column":8},"end":{"line":209,"column":29}},"type":"binary-expr","locations":[{"start":{"line":209,"column":8},"end":{"line":209,"column":13}},{"start":{"line":209,"column":17},"end":{"line":209,"column":29}}],"line":209},"28":{"loc":{"start":{"line":216,"column":8},"end":{"line":222,"column":9}},"type":"if","locations":[{"start":{"line":216,"column":8},"end":{"line":222,"column":9}},{"start":{"line":219,"column":15},"end":{"line":222,"column":9}}],"line":216},"29":{"loc":{"start":{"line":218,"column":27},"end":{"line":218,"column":40}},"type":"binary-expr","locations":[{"start":{"line":218,"column":27},"end":{"line":218,"column":34}},{"start":{"line":218,"column":38},"end":{"line":218,"column":40}}],"line":218},"30":{"loc":{"start":{"line":219,"column":15},"end":{"line":222,"column":9}},"type":"if","locations":[{"start":{"line":219,"column":15},"end":{"line":222,"column":9}},{"start":{},"end":{}}],"line":219},"31":{"loc":{"start":{"line":221,"column":12},"end":{"line":221,"column":48}},"type":"if","locations":[{"start":{"line":221,"column":12},"end":{"line":221,"column":48}},{"start":{},"end":{}}],"line":221},"32":{"loc":{"start":{"line":235,"column":28},"end":{"line":235,"column":57}},"type":"binary-expr","locations":[{"start":{"line":235,"column":28},"end":{"line":235,"column":45}},{"start":{"line":235,"column":49},"end":{"line":235,"column":57}}],"line":235}},"s":{"0":1,"1":1,"2":1,"3":1,"4":1,"5":1,"6":1,"7":0,"8":0,"9":0,"10":0,"11":0,"12":0,"13":0,"14":0,"15":0,"16":1,"17":0,"18":0,"19":0,"20":0,"21":0,"22":0,"23":0,"24":0,"25":0,"26":0,"27":0,"28":0,"29":0,"30":0,"31":0,"32":0,"33":0,"34":0,"35":0,"36":1,"37":1,"38":1,"39":0,"40":1,"41":1,"42":0,"43":1,"44":0,"45":1,"46":0,"47":1,"48":0,"49":1,"50":1,"51":0,"52":1,"53":0,"54":1,"55":0,"56":1,"57":1,"58":0,"59":1,"60":1,"61":1,"62":1,"63":0,"64":0,"65":1,"66":0,"67":0,"68":0,"69":0,"70":0,"71":0,"72":0,"73":0,"74":0,"75":0,"76":0,"77":0,"78":0,"79":0,"80":0,"81":0,"82":1,"83":0,"84":0,"85":0,"86":0,"87":0,"88":0,"89":0,"90":0,"91":0,"92":0,"93":0,"94":1,"95":0,"96":0,"97":0,"98":0,"99":0,"100":0,"101":0,"102":0,"103":0,"104":0,"105":1,"106":3,"107":3,"108":1,"109":2,"110":2,"111":2,"112":1,"113":1,"114":1,"115":1,"116":1,"117":1,"118":2,"119":2,"120":2,"121":4,"122":2,"123":2,"124":0,"125":0,"126":1},"f":{"0":0,"1":0,"2":0,"3":1,"4":0,"5":0,"6":0,"7":3,"8":2,"9":4},"b":{"0":[0,0],"1":[0,0],"2":[0,0],"3":[0,0],"4":[0,0],"5":[0,0],"6":[0,1],"7":[0,1],"8":[0,1],"9":[0,1],"10":[0,1],"11":[0,1],"12":[0,1],"13":[1,1],"14":[0,1],"15":[0,1],"16":[1,0],"17":[0,1],"18":[0,0],"19":[0,0],"20":[0,0],"21":[0,0],"22":[0,0],"23":[0,0],"24":[0,0],"25":[0,0],"26":[1,2],"27":[3,2],"28":[1,1],"29":[1,0],"30":[1,0],"31":[1,0],"32":[2,0]},"_coverageSchema":"1a1c01bbd47fc00a2c39e90264f33305004495a9","hash":"ebe685bff58fcba292165680e9ce240a79f1041b"}
,"C:\\Projects\\Javascript\\hairdresser-reservation\\server\\src\\controllers\\system.controller.js": {"path":"C:\\Projects\\Javascript\\hairdresser-reservation\\server\\src\\controllers\\system.controller.js","statementMap":{"0":{"start":{"line":1,"column":11},"end":{"line":1,"column":24}},"1":{"start":{"line":2,"column":13},"end":{"line":2,"column":28}},"2":{"start":{"line":4,"column":18},"end":{"line":15,"column":1}},"3":{"start":{"line":5,"column":22},"end":{"line":5,"column":90}},"4":{"start":{"line":6,"column":4},"end":{"line":14,"column":5}},"5":{"start":{"line":7,"column":32},"end":{"line":7,"column":90}},"6":{"start":{"line":8,"column":22},"end":{"line":10,"column":9}},"7":{"start":{"line":9,"column":12},"end":{"line":9,"column":89}},"8":{"start":{"line":11,"column":8},"end":{"line":11,"column":28}},"9":{"start":{"line":13,"column":8},"end":{"line":13,"column":32}},"10":{"start":{"line":17,"column":0},"end":{"line":19,"column":2}}},"fnMap":{"0":{"name":"(anonymous_0)","decl":{"start":{"line":4,"column":18},"end":{"line":4,"column":19}},"loc":{"start":{"line":4,"column":32},"end":{"line":15,"column":1}},"line":4},"1":{"name":"(anonymous_1)","decl":{"start":{"line":8,"column":55},"end":{"line":8,"column":56}},"loc":{"start":{"line":9,"column":12},"end":{"line":9,"column":89}},"line":9}},"branchMap":{"0":{"loc":{"start":{"line":9,"column":12},"end":{"line":9,"column":89}},"type":"binary-expr","locations":[{"start":{"line":9,"column":12},"end":{"line":9,"column":67}},{"start":{"line":9,"column":71},"end":{"line":9,"column":89}}],"line":9}},"s":{"0":1,"1":1,"2":1,"3":0,"4":0,"5":0,"6":0,"7":0,"8":0,"9":0,"10":1},"f":{"0":0,"1":0},"b":{"0":[0,0]},"_coverageSchema":"1a1c01bbd47fc00a2c39e90264f33305004495a9","hash":"63d8df8421441b0d99036a38ef301b348ed40296"}
,"C:\\Projects\\Javascript\\hairdresser-reservation\\server\\src\\middlewares\\auth.middleware.js": {"path":"C:\\Projects\\Javascript\\hairdresser-reservation\\server\\src\\middlewares\\auth.middleware.js","statementMap":{"0":{"start":{"line":1,"column":12},"end":{"line":1,"column":35}},"1":{"start":{"line":2,"column":23},"end":{"line":2,"column":47}},"2":{"start":{"line":4,"column":23},"end":{"line":17,"column":1}},"3":{"start":{"line":5,"column":23},"end":{"line":5,"column":48}},"4":{"start":{"line":6,"column":4},"end":{"line":8,"column":5}},"5":{"start":{"line":7,"column":8},"end":{"line":7,"column":73}},"6":{"start":{"line":9,"column":4},"end":{"line":16,"column":5}},"7":{"start":{"line":10,"column":24},"end":{"line":10,"column":72}},"8":{"start":{"line":12,"column":8},"end":{"line":12,"column":27}},"9":{"start":{"line":13,"column":8},"end":{"line":13,"column":15}},"10":{"start":{"line":15,"column":8},"end":{"line":15,"column":85}},"11":{"start":{"line":20,"column":20},"end":{"line":36,"column":1}},"12":{"start":{"line":21,"column":4},"end":{"line":35,"column":6}},"13":{"start":{"line":22,"column":8},"end":{"line":24,"column":9}},"14":{"start":{"line":23,"column":12},"end":{"line":23,"column":77}},"15":{"start":{"line":26,"column":8},"end":{"line":32,"column":9}},"16":{"start":{"line":27,"column":12},"end":{"line":31,"column":15}},"17":{"start":{"line":34,"column":8},"end":{"line":34,"column":15}},"18":{"start":{"line":39,"column":28},"end":{"line":58,"column":1}},"19":{"start":{"line":40,"column":4},"end":{"line":57,"column":6}},"20":{"start":{"line":41,"column":8},"end":{"line":43,"column":9}},"21":{"start":{"line":42,"column":12},"end":{"line":42,"column":77}},"22":{"start":{"line":46,"column":8},"end":{"line":48,"column":9}},"23":{"start":{"line":47,"column":12},"end":{"line":47,"column":26}},"24":{"start":{"line":51,"column":31},"end":{"line":51,"column":95}},"25":{"start":{"line":52,"column":8},"end":{"line":54,"column":9}},"26":{"start":{"line":53,"column":12},"end":{"line":53,"column":82}},"27":{"start":{"line":56,"column":8},"end":{"line":56,"column":15}},"28":{"start":{"line":60,"column":0},"end":{"line":64,"column":2}}},"fnMap":{"0":{"name":"(anonymous_0)","decl":{"start":{"line":4,"column":23},"end":{"line":4,"column":24}},"loc":{"start":{"line":4,"column":43},"end":{"line":17,"column":1}},"line":4},"1":{"name":"(anonymous_1)","decl":{"start":{"line":20,"column":20},"end":{"line":20,"column":21}},"loc":{"start":{"line":20,"column":41},"end":{"line":36,"column":1}},"line":20},"2":{"name":"(anonymous_2)","decl":{"start":{"line":21,"column":11},"end":{"line":21,"column":12}},"loc":{"start":{"line":21,"column":31},"end":{"line":35,"column":5}},"line":21},"3":{"name":"(anonymous_3)","decl":{"start":{"line":39,"column":28},"end":{"line":39,"column":29}},"loc":{"start":{"line":39,"column":53},"end":{"line":58,"column":1}},"line":39},"4":{"name":"(anonymous_4)","decl":{"start":{"line":40,"column":11},"end":{"line":40,"column":12}},"loc":{"start":{"line":40,"column":31},"end":{"line":57,"column":5}},"line":40}},"branchMap":{"0":{"loc":{"start":{"line":6,"column":4},"end":{"line":8,"column":5}},"type":"if","locations":[{"start":{"line":6,"column":4},"end":{"line":8,"column":5}},{"start":{},"end":{}}],"line":6},"1":{"loc":{"start":{"line":6,"column":8},"end":{"line":6,"column":56}},"type":"binary-expr","locations":[{"start":{"line":6,"column":8},"end":{"line":6,"column":19}},{"start":{"line":6,"column":23},"end":{"line":6,"column":56}}],"line":6},"2":{"loc":{"start":{"line":22,"column":8},"end":{"line":24,"column":9}},"type":"if","locations":[{"start":{"line":22,"column":8},"end":{"line":24,"column":9}},{"start":{},"end":{}}],"line":22},"3":{"loc":{"start":{"line":26,"column":8},"end":{"line":32,"column":9}},"type":"if","locations":[{"start":{"line":26,"column":8},"end":{"line":32,"column":9}},{"start":{},"end":{}}],"line":26},"4":{"loc":{"start":{"line":41,"column":8},"end":{"line":43,"column":9}},"type":"if","locations":[{"start":{"line":41,"column":8},"end":{"line":43,"column":9}},{"start":{},"end":{}}],"line":41},"5":{"loc":{"start":{"line":46,"column":8},"end":{"line":48,"column":9}},"type":"if","locations":[{"start":{"line":46,"column":8},"end":{"line":48,"column":9}},{"start":{},"end":{}}],"line":46},"6":{"loc":{"start":{"line":51,"column":31},"end":{"line":51,"column":95}},"type":"binary-expr","locations":[{"start":{"line":51,"column":31},"end":{"line":51,"column":60}},{"start":{"line":51,"column":64},"end":{"line":51,"column":95}}],"line":51},"7":{"loc":{"start":{"line":52,"column":8},"end":{"line":54,"column":9}},"type":"if","locations":[{"start":{"line":52,"column":8},"end":{"line":54,"column":9}},{"start":{},"end":{}}],"line":52},"8":{"loc":{"start":{"line":52,"column":12},"end":{"line":52,"column":60}},"type":"binary-expr","locations":[{"start":{"line":52,"column":12},"end":{"line":52,"column":26}},{"start":{"line":52,"column":30},"end":{"line":52,"column":60}}],"line":52}},"s":{"0":1,"1":1,"2":1,"3":0,"4":0,"5":0,"6":0,"7":0,"8":0,"9":0,"10":0,"11":1,"12":8,"13":0,"14":0,"15":0,"16":0,"17":0,"18":1,"19":0,"20":0,"21":0,"22":0,"23":0,"24":0,"25":0,"26":0,"27":0,"28":1},"f":{"0":0,"1":8,"2":0,"3":0,"4":0},"b":{"0":[0,0],"1":[0,0],"2":[0,0],"3":[0,0],"4":[0,0],"5":[0,0],"6":[0,0],"7":[0,0],"8":[0,0]},"_coverageSchema":"1a1c01bbd47fc00a2c39e90264f33305004495a9","hash":"7f16a14b8f10d4c9e733572d61e6b77c7e6b7dd3"}
,"C:\\Projects\\Javascript\\hairdresser-reservation\\server\\src\\middlewares\\rateLimit.middleware.js": {"path":"C:\\Projects\\Javascript\\hairdresser-reservation\\server\\src\\middlewares\\rateLimit.middleware.js","statementMap":{"0":{"start":{"line":1,"column":18},"end":{"line":1,"column":47}},"1":{"start":{"line":2,"column":18},"end":{"line":2,"column":42}},"2":{"start":{"line":4,"column":23},"end":{"line":9,"column":2}},"3":{"start":{"line":11,"column":21},"end":{"line":16,"column":2}},"4":{"start":{"line":18,"column":27},"end":{"line":23,"column":2}},"5":{"start":{"line":25,"column":0},"end":{"line":29,"column":2}}},"fnMap":{},"branchMap":{"0":{"loc":{"start":{"line":6,"column":9},"end":{"line":6,"column":27}},"type":"cond-expr","locations":[{"start":{"line":6,"column":17},"end":{"line":6,"column":21}},{"start":{"line":6,"column":24},"end":{"line":6,"column":27}}],"line":6},"1":{"loc":{"start":{"line":13,"column":9},"end":{"line":13,"column":25}},"type":"cond-expr","locations":[{"start":{"line":13,"column":17},"end":{"line":13,"column":20}},{"start":{"line":13,"column":23},"end":{"line":13,"column":25}}],"line":13},"2":{"loc":{"start":{"line":20,"column":9},"end":{"line":20,"column":24}},"type":"cond-expr","locations":[{"start":{"line":20,"column":17},"end":{"line":20,"column":20}},{"start":{"line":20,"column":23},"end":{"line":20,"column":24}}],"line":20}},"s":{"0":1,"1":1,"2":1,"3":1,"4":1,"5":1},"f":{},"b":{"0":[0,1],"1":[0,1],"2":[0,1]},"_coverageSchema":"1a1c01bbd47fc00a2c39e90264f33305004495a9","hash":"daece51edf7015403553b2715cc12980941a2daa"}
,"C:\\Projects\\Javascript\\hairdresser-reservation\\server\\src\\routes\\admin.routes.js": {"path":"C:\\Projects\\Javascript\\hairdresser-reservation\\server\\src\\routes\\admin.routes.js","statementMap":{"0":{"start":{"line":1,"column":16},"end":{"line":1,"column":34}},"1":{"start":{"line":2,"column":15},"end":{"line":2,"column":31}},"2":{"start":{"line":4,"column":68},"end":{"line":4,"column":110}},"3":{"start":{"line":5,"column":27},"end":{"line":5,"column":68}},"4":{"start":{"line":6,"column":24},"end":{"line":6,"column":65}},"5":{"start":{"line":7,"column":25},"end":{"line":7,"column":71}},"6":{"start":{"line":10,"column":0},"end":{"line":10,"column":43}},"7":{"start":{"line":11,"column":0},"end":{"line":11,"column":41}},"8":{"start":{"line":12,"column":0},"end":{"line":12,"column":54}},"9":{"start":{"line":15,"column":0},"end":{"line":15,"column":73}},"10":{"start":{"line":18,"column":0},"end":{"line":18,"column":90}},"11":{"start":{"line":21,"column":0},"end":{"line":41,"column":3}},"12":{"start":{"line":22,"column":15},"end":{"line":22,"column":48}},"13":{"start":{"line":23,"column":4},"end":{"line":40,"column":5}},"14":{"start":{"line":24,"column":22},"end":{"line":24,"column":50}},"15":{"start":{"line":27,"column":29},"end":{"line":27,"column":55}},"16":{"start":{"line":28,"column":23},"end":{"line":28,"column":48}},"17":{"start":{"line":31,"column":24},"end":{"line":31,"column":48}},"18":{"start":{"line":33,"column":8},"end":{"line":37,"column":11}},"19":{"start":{"line":39,"column":8},"end":{"line":39,"column":58}},"20":{"start":{"line":43,"column":0},"end":{"line":43,"column":24}}},"fnMap":{"0":{"name":"(anonymous_0)","decl":{"start":{"line":21,"column":63},"end":{"line":21,"column":64}},"loc":{"start":{"line":21,"column":83},"end":{"line":41,"column":1}},"line":21}},"branchMap":{},"s":{"0":1,"1":1,"2":1,"3":1,"4":1,"5":1,"6":1,"7":1,"8":1,"9":1,"10":1,"11":1,"12":0,"13":0,"14":0,"15":0,"16":0,"17":0,"18":0,"19":0,"20":1},"f":{"0":0},"b":{},"_coverageSchema":"1a1c01bbd47fc00a2c39e90264f33305004495a9","hash":"c0bb9ba5a3ba622aadefddcd029c5c5de677c51a"}
,"C:\\Projects\\Javascript\\hairdresser-reservation\\server\\src\\routes\\appointment.routes.js": {"path":"C:\\Projects\\Javascript\\hairdresser-reservation\\server\\src\\routes\\appointment.routes.js","statementMap":{"0":{"start":{"line":1,"column":16},"end":{"line":1,"column":34}},"1":{"start":{"line":2,"column":15},"end":{"line":2,"column":52}},"2":{"start":{"line":4,"column":30},"end":{"line":4,"column":78}},"3":{"start":{"line":5,"column":40},"end":{"line":5,"column":81}},"4":{"start":{"line":7,"column":31},"end":{"line":7,"column":77}},"5":{"start":{"line":9,"column":0},"end":{"line":11,"column":3}},"6":{"start":{"line":10,"column":4},"end":{"line":10,"column":58}},"7":{"start":{"line":13,"column":0},"end":{"line":15,"column":3}},"8":{"start":{"line":14,"column":4},"end":{"line":14,"column":60}},"9":{"start":{"line":17,"column":0},"end":{"line":19,"column":3}},"10":{"start":{"line":18,"column":4},"end":{"line":18,"column":58}},"11":{"start":{"line":21,"column":0},"end":{"line":23,"column":3}},"12":{"start":{"line":22,"column":4},"end":{"line":22,"column":57}},"13":{"start":{"line":25,"column":0},"end":{"line":27,"column":3}},"14":{"start":{"line":26,"column":4},"end":{"line":26,"column":60}},"15":{"start":{"line":29,"column":0},"end":{"line":31,"column":3}},"16":{"start":{"line":30,"column":4},"end":{"line":30,"column":60}},"17":{"start":{"line":33,"column":0},"end":{"line":35,"column":3}},"18":{"start":{"line":34,"column":4},"end":{"line":34,"column":60}},"19":{"start":{"line":37,"column":0},"end":{"line":37,"column":24}}},"fnMap":{"0":{"name":"(anonymous_0)","decl":{"start":{"line":9,"column":28},"end":{"line":9,"column":29}},"loc":{"start":{"line":9,"column":54},"end":{"line":11,"column":1}},"line":9},"1":{"name":"(anonymous_1)","decl":{"start":{"line":13,"column":41},"end":{"line":13,"column":42}},"loc":{"start":{"line":13,"column":67},"end":{"line":15,"column":1}},"line":13},"2":{"name":"(anonymous_2)","decl":{"start":{"line":17,"column":32},"end":{"line":17,"column":33}},"loc":{"start":{"line":17,"column":58},"end":{"line":19,"column":1}},"line":17},"3":{"name":"(anonymous_3)","decl":{"start":{"line":21,"column":35},"end":{"line":21,"column":36}},"loc":{"start":{"line":21,"column":61},"end":{"line":23,"column":1}},"line":21},"4":{"name":"(anonymous_4)","decl":{"start":{"line":25,"column":17},"end":{"line":25,"column":18}},"loc":{"start":{"line":25,"column":43},"end":{"line":27,"column":1}},"line":25},"5":{"name":"(anonymous_5)","decl":{"start":{"line":29,"column":37},"end":{"line":29,"column":38}},"loc":{"start":{"line":29,"column":63},"end":{"line":31,"column":1}},"line":29},"6":{"name":"(anonymous_6)","decl":{"start":{"line":33,"column":60},"end":{"line":33,"column":61}},"loc":{"start":{"line":33,"column":86},"end":{"line":35,"column":1}},"line":33}},"branchMap":{},"s":{"0":1,"1":1,"2":1,"3":1,"4":1,"5":1,"6":0,"7":1,"8":3,"9":1,"10":0,"11":1,"12":0,"13":1,"14":1,"15":1,"16":0,"17":1,"18":0,"19":1},"f":{"0":0,"1":3,"2":0,"3":0,"4":1,"5":0,"6":0},"b":{},"_coverageSchema":"1a1c01bbd47fc00a2c39e90264f33305004495a9","hash":"039544ea6dfdceb80f972d18ea15803aa2587852"}
,"C:\\Projects\\Javascript\\hairdresser-reservation\\server\\src\\routes\\barber.routes.js": {"path":"C:\\Projects\\Javascript\\hairdresser-reservation\\server\\src\\routes\\barber.routes.js","statementMap":{"0":{"start":{"line":1,"column":16},"end":{"line":1,"column":34}},"1":{"start":{"line":2,"column":15},"end":{"line":2,"column":31}},"2":{"start":{"line":3,"column":15},"end":{"line":3,"column":32}},"3":{"start":{"line":4,"column":11},"end":{"line":4,"column":44}},"4":{"start":{"line":5,"column":40},"end":{"line":5,"column":81}},"5":{"start":{"line":8,"column":0},"end":{"line":28,"column":3}},"6":{"start":{"line":9,"column":4},"end":{"line":27,"column":5}},"7":{"start":{"line":10,"column":8},"end":{"line":10,"column":55}},"8":{"start":{"line":11,"column":24},"end":{"line":11,"column":48}},"9":{"start":{"line":12,"column":8},"end":{"line":12,"column":84}},"10":{"start":{"line":14,"column":28},"end":{"line":21,"column":11}},"11":{"start":{"line":14,"column":46},"end":{"line":21,"column":9}},"12":{"start":{"line":22,"column":8},"end":{"line":22,"column":65}},"13":{"start":{"line":23,"column":8},"end":{"line":23,"column":30}},"14":{"start":{"line":25,"column":8},"end":{"line":25,"column":65}},"15":{"start":{"line":26,"column":8},"end":{"line":26,"column":58}},"16":{"start":{"line":31,"column":0},"end":{"line":47,"column":3}},"17":{"start":{"line":32,"column":4},"end":{"line":46,"column":5}},"18":{"start":{"line":33,"column":22},"end":{"line":33,"column":44}},"19":{"start":{"line":34,"column":24},"end":{"line":34,"column":62}},"20":{"start":{"line":34,"column":42},"end":{"line":34,"column":61}},"21":{"start":{"line":35,"column":28},"end":{"line":42,"column":11}},"22":{"start":{"line":35,"column":46},"end":{"line":42,"column":9}},"23":{"start":{"line":43,"column":8},"end":{"line":43,"column":30}},"24":{"start":{"line":45,"column":8},"end":{"line":45,"column":58}},"25":{"start":{"line":50,"column":0},"end":{"line":71,"column":3}},"26":{"start":{"line":51,"column":4},"end":{"line":70,"column":5}},"27":{"start":{"line":52,"column":23},"end":{"line":52,"column":59}},"28":{"start":{"line":53,"column":8},"end":{"line":54,"column":73}},"29":{"start":{"line":54,"column":12},"end":{"line":54,"column":73}},"30":{"start":{"line":57,"column":8},"end":{"line":58,"column":68}},"31":{"start":{"line":58,"column":12},"end":{"line":58,"column":68}},"32":{"start":{"line":60,"column":8},"end":{"line":67,"column":11}},"33":{"start":{"line":69,"column":8},"end":{"line":69,"column":58}},"34":{"start":{"line":74,"column":0},"end":{"line":111,"column":3}},"35":{"start":{"line":75,"column":48},"end":{"line":75,"column":56}},"36":{"start":{"line":77,"column":4},"end":{"line":78,"column":82}},"37":{"start":{"line":78,"column":8},"end":{"line":78,"column":82}},"38":{"start":{"line":79,"column":4},"end":{"line":80,"column":88}},"39":{"start":{"line":80,"column":8},"end":{"line":80,"column":88}},"40":{"start":{"line":81,"column":4},"end":{"line":82,"column":74}},"41":{"start":{"line":82,"column":8},"end":{"line":82,"column":74}},"42":{"start":{"line":84,"column":4},"end":{"line":110,"column":5}},"43":{"start":{"line":85,"column":8},"end":{"line":86,"column":82}},"44":{"start":{"line":86,"column":12},"end":{"line":86,"column":82}},"45":{"start":{"line":88,"column":21},"end":{"line":88,"column":52}},"46":{"start":{"line":89,"column":23},"end":{"line":96,"column":10}},"47":{"start":{"line":98,"column":8},"end":{"line":107,"column":11}},"48":{"start":{"line":109,"column":8},"end":{"line":109,"column":58}},"49":{"start":{"line":114,"column":0},"end":{"line":147,"column":3}},"50":{"start":{"line":115,"column":19},"end":{"line":115,"column":29}},"51":{"start":{"line":116,"column":38},"end":{"line":116,"column":46}},"52":{"start":{"line":118,"column":4},"end":{"line":146,"column":5}},"53":{"start":{"line":119,"column":23},"end":{"line":119,"column":48}},"54":{"start":{"line":120,"column":8},"end":{"line":121,"column":73}},"55":{"start":{"line":121,"column":12},"end":{"line":121,"column":73}},"56":{"start":{"line":124,"column":8},"end":{"line":125,"column":68}},"57":{"start":{"line":125,"column":12},"end":{"line":125,"column":68}},"58":{"start":{"line":127,"column":27},"end":{"line":127,"column":29}},"59":{"start":{"line":128,"column":8},"end":{"line":128,"column":41}},"60":{"start":{"line":128,"column":18},"end":{"line":128,"column":41}},"61":{"start":{"line":129,"column":8},"end":{"line":129,"column":44}},"62":{"start":{"line":129,"column":19},"end":{"line":129,"column":44}},"63":{"start":{"line":130,"column":8},"end":{"line":130,"column":76}},"64":{"start":{"line":130,"column":22},"end":{"line":130,"column":76}},"65":{"start":{"line":132,"column":24},"end":{"line":132,"column":59}},"66":{"start":{"line":134,"column":8},"end":{"line":143,"column":11}},"67":{"start":{"line":145,"column":8},"end":{"line":145,"column":58}},"68":{"start":{"line":150,"column":0},"end":{"line":169,"column":3}},"69":{"start":{"line":151,"column":19},"end":{"line":151,"column":29}},"70":{"start":{"line":153,"column":4},"end":{"line":168,"column":5}},"71":{"start":{"line":154,"column":23},"end":{"line":154,"column":48}},"72":{"start":{"line":155,"column":8},"end":{"line":156,"column":73}},"73":{"start":{"line":156,"column":12},"end":{"line":156,"column":73}},"74":{"start":{"line":159,"column":8},"end":{"line":160,"column":85}},"75":{"start":{"line":160,"column":12},"end":{"line":160,"column":85}},"76":{"start":{"line":163,"column":8},"end":{"line":163,"column":53}},"77":{"start":{"line":165,"column":8},"end":{"line":165,"column":77}},"78":{"start":{"line":167,"column":8},"end":{"line":167,"column":58}},"79":{"start":{"line":172,"column":0},"end":{"line":198,"column":3}},"80":{"start":{"line":173,"column":19},"end":{"line":173,"column":29}},"81":{"start":{"line":175,"column":4},"end":{"line":197,"column":5}},"82":{"start":{"line":176,"column":23},"end":{"line":176,"column":48}},"83":{"start":{"line":177,"column":8},"end":{"line":178,"column":73}},"84":{"start":{"line":178,"column":12},"end":{"line":178,"column":73}},"85":{"start":{"line":181,"column":8},"end":{"line":182,"column":90}},"86":{"start":{"line":182,"column":12},"end":{"line":182,"column":90}},"87":{"start":{"line":184,"column":24},"end":{"line":184,"column":79}},"88":{"start":{"line":186,"column":8},"end":{"line":194,"column":11}},"89":{"start":{"line":196,"column":8},"end":{"line":196,"column":58}},"90":{"start":{"line":200,"column":0},"end":{"line":200,"column":24}}},"fnMap":{"0":{"name":"(anonymous_0)","decl":{"start":{"line":8,"column":16},"end":{"line":8,"column":17}},"loc":{"start":{"line":8,"column":36},"end":{"line":28,"column":1}},"line":8},"1":{"name":"(anonymous_1)","decl":{"start":{"line":14,"column":40},"end":{"line":14,"column":41}},"loc":{"start":{"line":14,"column":46},"end":{"line":21,"column":9}},"line":14},"2":{"name":"(anonymous_2)","decl":{"start":{"line":31,"column":57},"end":{"line":31,"column":58}},"loc":{"start":{"line":31,"column":77},"end":{"line":47,"column":1}},"line":31},"3":{"name":"(anonymous_3)","decl":{"start":{"line":34,"column":37},"end":{"line":34,"column":38}},"loc":{"start":{"line":34,"column":42},"end":{"line":34,"column":61}},"line":34},"4":{"name":"(anonymous_4)","decl":{"start":{"line":35,"column":40},"end":{"line":35,"column":41}},"loc":{"start":{"line":35,"column":46},"end":{"line":42,"column":9}},"line":35},"5":{"name":"(anonymous_5)","decl":{"start":{"line":50,"column":35},"end":{"line":50,"column":36}},"loc":{"start":{"line":50,"column":55},"end":{"line":71,"column":1}},"line":50},"6":{"name":"(anonymous_6)","decl":{"start":{"line":74,"column":55},"end":{"line":74,"column":56}},"loc":{"start":{"line":74,"column":75},"end":{"line":111,"column":1}},"line":74},"7":{"name":"(anonymous_7)","decl":{"start":{"line":114,"column":35},"end":{"line":114,"column":36}},"loc":{"start":{"line":114,"column":55},"end":{"line":147,"column":1}},"line":114},"8":{"name":"(anonymous_8)","decl":{"start":{"line":150,"column":60},"end":{"line":150,"column":61}},"loc":{"start":{"line":150,"column":80},"end":{"line":169,"column":1}},"line":150},"9":{"name":"(anonymous_9)","decl":{"start":{"line":172,"column":66},"end":{"line":172,"column":67}},"loc":{"start":{"line":172,"column":86},"end":{"line":198,"column":1}},"line":172}},"branchMap":{"0":{"loc":{"start":{"line":53,"column":8},"end":{"line":54,"column":73}},"type":"if","locations":[{"start":{"line":53,"column":8},"end":{"line":54,"column":73}},{"start":{},"end":{}}],"line":53},"1":{"loc":{"start":{"line":53,"column":12},"end":{"line":53,"column":47}},"type":"binary-expr","locations":[{"start":{"line":53,"column":12},"end":{"line":53,"column":19}},{"start":{"line":53,"column":23},"end":{"line":53,"column":47}}],"line":53},"2":{"loc":{"start":{"line":57,"column":8},"end":{"line":58,"column":68}},"type":"if","locations":[{"start":{"line":57,"column":8},"end":{"line":58,"column":68}},{"start":{},"end":{}}],"line":57},"3":{"loc":{"start":{"line":57,"column":12},"end":{"line":57,"column":67}},"type":"binary-expr","locations":[{"start":{"line":57,"column":12},"end":{"line":57,"column":38}},{"start":{"line":57,"column":42},"end":{"line":57,"column":67}}],"line":57},"4":{"loc":{"start":{"line":77,"column":4},"end":{"line":78,"column":82}},"type":"if","locations":[{"start":{"line":77,"column":4},"end":{"line":78,"column":82}},{"start":{},"end":{}}],"line":77},"5":{"loc":{"start":{"line":77,"column":8},"end":{"line":77,"column":30}},"type":"binary-expr","locations":[{"start":{"line":77,"column":8},"end":{"line":77,"column":17}},{"start":{"line":77,"column":21},"end":{"line":77,"column":30}}],"line":77},"6":{"loc":{"start":{"line":79,"column":4},"end":{"line":80,"column":88}},"type":"if","locations":[{"start":{"line":79,"column":4},"end":{"line":80,"column":88}},{"start":{},"end":{}}],"line":79},"7":{"loc":{"start":{"line":79,"column":8},"end":{"line":79,"column":51}},"type":"binary-expr","locations":[{"start":{"line":79,"column":8},"end":{"line":79,"column":27}},{"start":{"line":79,"column":31},"end":{"line":79,"column":51}}],"line":79},"8":{"loc":{"start":{"line":81,"column":4},"end":{"line":82,"column":74}},"type":"if","locations":[{"start":{"line":81,"column":4},"end":{"line":82,"column":74}},{"start":{},"end":{}}],"line":81},"9":{"loc":{"start":{"line":85,"column":8},"end":{"line":86,"column":82}},"type":"if","locations":[{"start":{"line":85,"column":8},"end":{"line":86,"column":82}},{"start":{},"end":{}}],"line":85},"10":{"loc":{"start":{"line":93,"column":18},"end":{"line":93,"column":30}},"type":"binary-expr","locations":[{"start":{"line":93,"column":18},"end":{"line":93,"column":22}},{"start":{"line":93,"column":26},"end":{"line":93,"column":30}}],"line":93},"11":{"loc":{"start":{"line":94,"column":19},"end":{"line":94,"column":32}},"type":"binary-expr","locations":[{"start":{"line":94,"column":19},"end":{"line":94,"column":24}},{"start":{"line":94,"column":28},"end":{"line":94,"column":32}}],"line":94},"12":{"loc":{"start":{"line":120,"column":8},"end":{"line":121,"column":73}},"type":"if","locations":[{"start":{"line":120,"column":8},"end":{"line":121,"column":73}},{"start":{},"end":{}}],"line":120},"13":{"loc":{"start":{"line":120,"column":12},"end":{"line":120,"column":47}},"type":"binary-expr","locations":[{"start":{"line":120,"column":12},"end":{"line":120,"column":19}},{"start":{"line":120,"column":23},"end":{"line":120,"column":47}}],"line":120},"14":{"loc":{"start":{"line":124,"column":8},"end":{"line":125,"column":68}},"type":"if","locations":[{"start":{"line":124,"column":8},"end":{"line":125,"column":68}},{"start":{},"end":{}}],"line":124},"15":{"loc":{"start":{"line":124,"column":12},"end":{"line":124,"column":59}},"type":"binary-expr","locations":[{"start":{"line":124,"column":12},"end":{"line":124,"column":37}},{"start":{"line":124,"column":41},"end":{"line":124,"column":59}}],"line":124},"16":{"loc":{"start":{"line":128,"column":8},"end":{"line":128,"column":41}},"type":"if","locations":[{"start":{"line":128,"column":8},"end":{"line":128,"column":41}},{"start":{},"end":{}}],"line":128},"17":{"loc":{"start":{"line":129,"column":8},"end":{"line":129,"column":44}},"type":"if","locations":[{"start":{"line":129,"column":8},"end":{"line":129,"column":44}},{"start":{},"end":{}}],"line":129},"18":{"loc":{"start":{"line":130,"column":8},"end":{"line":130,"column":76}},"type":"if","locations":[{"start":{"line":130,"column":8},"end":{"line":130,"column":76}},{"start":{},"end":{}}],"line":130},"19":{"loc":{"start":{"line":155,"column":8},"end":{"line":156,"column":73}},"type":"if","locations":[{"start":{"line":155,"column":8},"end":{"line":156,"column":73}},{"start":{},"end":{}}],"line":155},"20":{"loc":{"start":{"line":155,"column":12},"end":{"line":155,"column":47}},"type":"binary-expr","locations":[{"start":{"line":155,"column":12},"end":{"line":155,"column":19}},{"start":{"line":155,"column":23},"end":{"line":155,"column":47}}],"line":155},"21":{"loc":{"start":{"line":159,"column":8},"end":{"line":160,"column":85}},"type":"if","locations":[{"start":{"line":159,"column":8},"end":{"line":160,"column":85}},{"start":{},"end":{}}],"line":159},"22":{"loc":{"start":{"line":177,"column":8},"end":{"line":178,"column":73}},"type":"if","locations":[{"start":{"line":177,"column":8},"end":{"line":178,"column":73}},{"start":{},"end":{}}],"line":177},"23":{"loc":{"start":{"line":177,"column":12},"end":{"line":177,"column":47}},"type":"binary-expr","locations":[{"start":{"line":177,"column":12},"end":{"line":177,"column":19}},{"start":{"line":177,"column":23},"end":{"line":177,"column":47}}],"line":177},"24":{"loc":{"start":{"line":181,"column":8},"end":{"line":182,"column":90}},"type":"if","locations":[{"start":{"line":181,"column":8},"end":{"line":182,"column":90}},{"start":{},"end":{}}],"line":181}},"s":{"0":1,"1":1,"2":1,"3":1,"4":1,"5":1,"6":0,"7":0,"8":0,"9":0,"10":0,"11":0,"12":0,"13":0,"14":0,"15":0,"16":1,"17":0,"18":0,"19":0,"20":0,"21":0,"22":0,"23":0,"24":0,"25":1,"26":0,"27":0,"28":0,"29":0,"30":0,"31":0,"32":0,"33":0,"34":1,"35":0,"36":0,"37":0,"38":0,"39":0,"40":0,"41":0,"42":0,"43":0,"44":0,"45":0,"46":0,"47":0,"48":0,"49":1,"50":0,"51":0,"52":0,"53":0,"54":0,"55":0,"56":0,"57":0,"58":0,"59":0,"60":0,"61":0,"62":0,"63":0,"64":0,"65":0,"66":0,"67":0,"68":1,"69":0,"70":0,"71":0,"72":0,"73":0,"74":0,"75":0,"76":0,"77":0,"78":0,"79":1,"80":0,"81":0,"82":0,"83":0,"84":0,"85":0,"86":0,"87":0,"88":0,"89":0,"90":1},"f":{"0":0,"1":0,"2":0,"3":0,"4":0,"5":0,"6":0,"7":0,"8":0,"9":0},"b":{"0":[0,0],"1":[0,0],"2":[0,0],"3":[0,0],"4":[0,0],"5":[0,0],"6":[0,0],"7":[0,0],"8":[0,0],"9":[0,0],"10":[0,0],"11":[0,0],"12":[0,0],"13":[0,0],"14":[0,0],"15":[0,0],"16":[0,0],"17":[0,0],"18":[0,0],"19":[0,0],"20":[0,0],"21":[0,0],"22":[0,0],"23":[0,0],"24":[0,0]},"_coverageSchema":"1a1c01bbd47fc00a2c39e90264f33305004495a9","hash":"967da1b711e21b58f45e32de4a935b8f7133c8ec"}
,"C:\\Projects\\Javascript\\hairdresser-reservation\\server\\src\\routes\\index.js": {"path":"C:\\Projects\\Javascript\\hairdresser-reservation\\server\\src\\routes\\index.js","statementMap":{"0":{"start":{"line":1,"column":16},"end":{"line":1,"column":34}},"1":{"start":{"line":2,"column":15},"end":{"line":2,"column":31}},"2":{"start":{"line":4,"column":26},"end":{"line":4,"column":57}},"3":{"start":{"line":5,"column":20},"end":{"line":5,"column":45}},"4":{"start":{"line":6,"column":21},"end":{"line":6,"column":47}},"5":{"start":{"line":7,"column":21},"end":{"line":7,"column":47}},"6":{"start":{"line":9,"column":0},"end":{"line":9,"column":47}},"7":{"start":{"line":10,"column":0},"end":{"line":10,"column":33}},"8":{"start":{"line":11,"column":0},"end":{"line":11,"column":37}},"9":{"start":{"line":12,"column":0},"end":{"line":12,"column":30}},"10":{"start":{"line":14,"column":0},"end":{"line":14,"column":24}}},"fnMap":{},"branchMap":{},"s":{"0":1,"1":1,"2":1,"3":1,"4":1,"5":1,"6":1,"7":1,"8":1,"9":1,"10":1},"f":{},"b":{},"_coverageSchema":"1a1c01bbd47fc00a2c39e90264f33305004495a9","hash":"2a88a6baf2880ed3a67acd3d6b7cb4f4c716c0a2"}
,"C:\\Projects\\Javascript\\hairdresser-reservation\\server\\src\\routes\\system.routes.js": {"path":"C:\\Projects\\Javascript\\hairdresser-reservation\\server\\src\\routes\\system.routes.js","statementMap":{"0":{"start":{"line":1,"column":16},"end":{"line":1,"column":34}},"1":{"start":{"line":2,"column":15},"end":{"line":2,"column":31}},"2":{"start":{"line":4,"column":22},"end":{"line":4,"column":65}},"3":{"start":{"line":6,"column":0},"end":{"line":6,"column":33}},"4":{"start":{"line":8,"column":0},"end":{"line":8,"column":24}}},"fnMap":{},"branchMap":{},"s":{"0":1,"1":1,"2":1,"3":1,"4":1},"f":{},"b":{},"_coverageSchema":"1a1c01bbd47fc00a2c39e90264f33305004495a9","hash":"dcd86c6046de5ff357368508978ac04f57dc660d"}
,"C:\\Projects\\Javascript\\hairdresser-reservation\\server\\src\\services\\db.service.js": {"path":"C:\\Projects\\Javascript\\hairdresser-reservation\\server\\src\\services\\db.service.js","statementMap":{"0":{"start":{"line":1,"column":25},"end":{"line":1,"column":50}},"1":{"start":{"line":2,"column":15},"end":{"line":2,"column":33}},"2":{"start":{"line":3,"column":16},"end":{"line":3,"column":43}},"3":{"start":{"line":7,"column":27},"end":{"line":9,"column":1}},"4":{"start":{"line":8,"column":4},"end":{"line":8,"column":65}},"5":{"start":{"line":11,"column":21},"end":{"line":13,"column":1}},"6":{"start":{"line":12,"column":4},"end":{"line":12,"column":59}},"7":{"start":{"line":15,"column":19},"end":{"line":17,"column":1}},"8":{"start":{"line":16,"column":4},"end":{"line":16,"column":46}},"9":{"start":{"line":19,"column":19},"end":{"line":21,"column":1}},"10":{"start":{"line":20,"column":4},"end":{"line":20,"column":61}},"11":{"start":{"line":23,"column":19},"end":{"line":25,"column":1}},"12":{"start":{"line":24,"column":4},"end":{"line":24,"column":55}},"13":{"start":{"line":27,"column":22},"end":{"line":32,"column":1}},"14":{"start":{"line":28,"column":4},"end":{"line":31,"column":7}},"15":{"start":{"line":34,"column":20},"end":{"line":38,"column":1}},"16":{"start":{"line":35,"column":4},"end":{"line":37,"column":7}},"17":{"start":{"line":40,"column":23},"end":{"line":42,"column":1}},"18":{"start":{"line":41,"column":4},"end":{"line":41,"column":69}},"19":{"start":{"line":46,"column":24},"end":{"line":52,"column":1}},"20":{"start":{"line":47,"column":4},"end":{"line":51,"column":7}},"21":{"start":{"line":54,"column":27},"end":{"line":59,"column":1}},"22":{"start":{"line":55,"column":4},"end":{"line":58,"column":7}},"23":{"start":{"line":61,"column":30},"end":{"line":69,"column":1}},"24":{"start":{"line":62,"column":4},"end":{"line":68,"column":7}},"25":{"start":{"line":71,"column":39},"end":{"line":79,"column":1}},"26":{"start":{"line":72,"column":4},"end":{"line":78,"column":7}},"27":{"start":{"line":81,"column":37},"end":{"line":86,"column":1}},"28":{"start":{"line":82,"column":4},"end":{"line":85,"column":7}},"29":{"start":{"line":88,"column":37},"end":{"line":94,"column":1}},"30":{"start":{"line":89,"column":4},"end":{"line":93,"column":7}},"31":{"start":{"line":96,"column":15},"end":{"line":96,"column":32}},"32":{"start":{"line":98,"column":29},"end":{"line":105,"column":1}},"33":{"start":{"line":99,"column":18},"end":{"line":99,"column":56}},"34":{"start":{"line":100,"column":17},"end":{"line":100,"column":19}},"35":{"start":{"line":101,"column":4},"end":{"line":103,"column":5}},"36":{"start":{"line":101,"column":17},"end":{"line":101,"column":18}},"37":{"start":{"line":102,"column":8},"end":{"line":102,"column":73}},"38":{"start":{"line":104,"column":4},"end":{"line":104,"column":18}},"39":{"start":{"line":107,"column":26},"end":{"line":131,"column":1}},"40":{"start":{"line":108,"column":28},"end":{"line":112,"column":5}},"41":{"start":{"line":115,"column":19},"end":{"line":115,"column":24}},"42":{"start":{"line":116,"column":19},"end":{"line":116,"column":20}},"43":{"start":{"line":117,"column":4},"end":{"line":125,"column":5}},"44":{"start":{"line":118,"column":25},"end":{"line":118,"column":119}},"45":{"start":{"line":119,"column":8},"end":{"line":124,"column":9}},"46":{"start":{"line":120,"column":12},"end":{"line":120,"column":28}},"47":{"start":{"line":122,"column":12},"end":{"line":122,"column":66}},"48":{"start":{"line":123,"column":12},"end":{"line":123,"column":23}},"49":{"start":{"line":127,"column":4},"end":{"line":130,"column":7}},"50":{"start":{"line":133,"column":26},"end":{"line":139,"column":1}},"51":{"start":{"line":134,"column":4},"end":{"line":138,"column":7}},"52":{"start":{"line":141,"column":26},"end":{"line":143,"column":1}},"53":{"start":{"line":142,"column":4},"end":{"line":142,"column":62}},"54":{"start":{"line":147,"column":26},"end":{"line":177,"column":1}},"55":{"start":{"line":148,"column":30},"end":{"line":148,"column":62}},"56":{"start":{"line":149,"column":32},"end":{"line":149,"column":96}},"57":{"start":{"line":150,"column":33},"end":{"line":150,"column":98}},"58":{"start":{"line":151,"column":34},"end":{"line":151,"column":100}},"59":{"start":{"line":152,"column":26},"end":{"line":152,"column":96}},"60":{"start":{"line":155,"column":18},"end":{"line":155,"column":28}},"61":{"start":{"line":156,"column":4},"end":{"line":156,"column":31}},"62":{"start":{"line":157,"column":21},"end":{"line":157,"column":36}},"63":{"start":{"line":158,"column":4},"end":{"line":158,"column":45}},"64":{"start":{"line":160,"column":30},"end":{"line":167,"column":6}},"65":{"start":{"line":169,"column":4},"end":{"line":176,"column":6}},"66":{"start":{"line":181,"column":16},"end":{"line":189,"column":1}},"67":{"start":{"line":182,"column":4},"end":{"line":188,"column":5}},"68":{"start":{"line":183,"column":8},"end":{"line":183,"column":32}},"69":{"start":{"line":184,"column":8},"end":{"line":184,"column":40}},"70":{"start":{"line":186,"column":8},"end":{"line":186,"column":71}},"71":{"start":{"line":187,"column":8},"end":{"line":187,"column":24}},"72":{"start":{"line":191,"column":0},"end":{"line":214,"column":2}}},"fnMap":{"0":{"name":"(anonymous_0)","decl":{"start":{"line":7,"column":27},"end":{"line":7,"column":28}},"loc":{"start":{"line":7,"column":47},"end":{"line":9,"column":1}},"line":7},"1":{"name":"(anonymous_1)","decl":{"start":{"line":11,"column":21},"end":{"line":11,"column":22}},"loc":{"start":{"line":11,"column":35},"end":{"line":13,"column":1}},"line":11},"2":{"name":"(anonymous_2)","decl":{"start":{"line":15,"column":19},"end":{"line":15,"column":20}},"loc":{"start":{"line":15,"column":35},"end":{"line":17,"column":1}},"line":15},"3":{"name":"(anonymous_3)","decl":{"start":{"line":19,"column":19},"end":{"line":19,"column":20}},"loc":{"start":{"line":19,"column":39},"end":{"line":21,"column":1}},"line":19},"4":{"name":"(anonymous_4)","decl":{"start":{"line":23,"column":19},"end":{"line":23,"column":20}},"loc":{"start":{"line":23,"column":33},"end":{"line":25,"column":1}},"line":23},"5":{"name":"(anonymous_5)","decl":{"start":{"line":27,"column":22},"end":{"line":27,"column":23}},"loc":{"start":{"line":27,"column":34},"end":{"line":32,"column":1}},"line":27},"6":{"name":"(anonymous_6)","decl":{"start":{"line":34,"column":20},"end":{"line":34,"column":21}},"loc":{"start":{"line":34,"column":32},"end":{"line":38,"column":1}},"line":34},"7":{"name":"(anonymous_7)","decl":{"start":{"line":40,"column":23},"end":{"line":40,"column":24}},"loc":{"start":{"line":40,"column":43},"end":{"line":42,"column":1}},"line":40},"8":{"name":"(anonymous_8)","decl":{"start":{"line":46,"column":24},"end":{"line":46,"column":25}},"loc":{"start":{"line":46,"column":48},"end":{"line":52,"column":1}},"line":46},"9":{"name":"(anonymous_9)","decl":{"start":{"line":54,"column":27},"end":{"line":54,"column":28}},"loc":{"start":{"line":54,"column":41},"end":{"line":59,"column":1}},"line":54},"10":{"name":"(anonymous_10)","decl":{"start":{"line":61,"column":30},"end":{"line":61,"column":31}},"loc":{"start":{"line":61,"column":56},"end":{"line":69,"column":1}},"line":61},"11":{"name":"(anonymous_11)","decl":{"start":{"line":71,"column":39},"end":{"line":71,"column":40}},"loc":{"start":{"line":71,"column":65},"end":{"line":79,"column":1}},"line":71},"12":{"name":"(anonymous_12)","decl":{"start":{"line":81,"column":37},"end":{"line":81,"column":38}},"loc":{"start":{"line":81,"column":61},"end":{"line":86,"column":1}},"line":81},"13":{"name":"(anonymous_13)","decl":{"start":{"line":88,"column":37},"end":{"line":88,"column":38}},"loc":{"start":{"line":88,"column":60},"end":{"line":94,"column":1}},"line":88},"14":{"name":"(anonymous_14)","decl":{"start":{"line":98,"column":29},"end":{"line":98,"column":30}},"loc":{"start":{"line":98,"column":35},"end":{"line":105,"column":1}},"line":98},"15":{"name":"(anonymous_15)","decl":{"start":{"line":107,"column":26},"end":{"line":107,"column":27}},"loc":{"start":{"line":107,"column":42},"end":{"line":131,"column":1}},"line":107},"16":{"name":"(anonymous_16)","decl":{"start":{"line":133,"column":26},"end":{"line":133,"column":27}},"loc":{"start":{"line":133,"column":46},"end":{"line":139,"column":1}},"line":133},"17":{"name":"(anonymous_17)","decl":{"start":{"line":141,"column":26},"end":{"line":141,"column":27}},"loc":{"start":{"line":141,"column":40},"end":{"line":143,"column":1}},"line":141},"18":{"name":"(anonymous_18)","decl":{"start":{"line":147,"column":26},"end":{"line":147,"column":27}},"loc":{"start":{"line":147,"column":38},"end":{"line":177,"column":1}},"line":147},"19":{"name":"(anonymous_19)","decl":{"start":{"line":181,"column":16},"end":{"line":181,"column":17}},"loc":{"start":{"line":181,"column":28},"end":{"line":189,"column":1}},"line":181}},"branchMap":{"0":{"loc":{"start":{"line":46,"column":31},"end":{"line":46,"column":43}},"type":"default-arg","locations":[{"start":{"line":46,"column":41},"end":{"line":46,"column":43}}],"line":46},"1":{"loc":{"start":{"line":110,"column":21},"end":{"line":110,"column":60}},"type":"binary-expr","locations":[{"start":{"line":110,"column":21},"end":{"line":110,"column":37}},{"start":{"line":110,"column":41},"end":{"line":110,"column":60}}],"line":110},"2":{"loc":{"start":{"line":111,"column":22},"end":{"line":111,"column":65}},"type":"binary-expr","locations":[{"start":{"line":111,"column":22},"end":{"line":111,"column":39}},{"start":{"line":111,"column":43},"end":{"line":111,"column":65}}],"line":111},"3":{"loc":{"start":{"line":117,"column":11},"end":{"line":117,"column":36}},"type":"binary-expr","locations":[{"start":{"line":117,"column":11},"end":{"line":117,"column":20}},{"start":{"line":117,"column":24},"end":{"line":117,"column":36}}],"line":117},"4":{"loc":{"start":{"line":119,"column":8},"end":{"line":124,"column":9}},"type":"if","locations":[{"start":{"line":119,"column":8},"end":{"line":124,"column":9}},{"start":{"line":121,"column":15},"end":{"line":124,"column":9}}],"line":119}},"s":{"0":1,"1":1,"2":1,"3":1,"4":0,"5":1,"6":0,"7":1,"8":0,"9":1,"10":0,"11":1,"12":0,"13":1,"14":0,"15":1,"16":0,"17":1,"18":0,"19":1,"20":0,"21":1,"22":0,"23":1,"24":0,"25":1,"26":0,"27":1,"28":1,"29":1,"30":1,"31":1,"32":1,"33":1,"34":1,"35":1,"36":1,"37":6,"38":1,"39":1,"40":1,"41":1,"42":1,"43":1,"44":1,"45":1,"46":1,"47":0,"48":0,"49":1,"50":1,"51":0,"52":1,"53":0,"54":1,"55":0,"56":0,"57":0,"58":0,"59":0,"60":0,"61":0,"62":0,"63":0,"64":0,"65":0,"66":1,"67":0,"68":0,"69":0,"70":0,"71":0,"72":1},"f":{"0":0,"1":0,"2":0,"3":0,"4":0,"5":0,"6":0,"7":0,"8":0,"9":0,"10":0,"11":0,"12":1,"13":1,"14":1,"15":1,"16":0,"17":0,"18":0,"19":0},"b":{"0":[0],"1":[1,1],"2":[1,1],"3":[2,1],"4":[1,0]},"_coverageSchema":"1a1c01bbd47fc00a2c39e90264f33305004495a9","hash":"f31589e52d8538ee84fd092c745bf6a58e1aa576"}
,"C:\\Projects\\Javascript\\hairdresser-reservation\\server\\src\\utils\\validators.js": {"path":"C:\\Projects\\Javascript\\hairdresser-reservation\\server\\src\\utils\\validators.js","statementMap":{"0":{"start":{"line":1,"column":21},"end":{"line":1,"column":55}},"1":{"start":{"line":1,"column":32},"end":{"line":1,"column":55}},"2":{"start":{"line":3,"column":20},"end":{"line":6,"column":1}},"3":{"start":{"line":4,"column":14},"end":{"line":4,"column":32}},"4":{"start":{"line":5,"column":4},"end":{"line":5,"column":82}},"5":{"start":{"line":8,"column":0},"end":{"line":11,"column":2}}},"fnMap":{"0":{"name":"(anonymous_0)","decl":{"start":{"line":1,"column":21},"end":{"line":1,"column":22}},"loc":{"start":{"line":1,"column":32},"end":{"line":1,"column":55}},"line":1},"1":{"name":"(anonymous_1)","decl":{"start":{"line":3,"column":20},"end":{"line":3,"column":21}},"loc":{"start":{"line":3,"column":30},"end":{"line":6,"column":1}},"line":3}},"branchMap":{"0":{"loc":{"start":{"line":4,"column":14},"end":{"line":4,"column":32}},"type":"binary-expr","locations":[{"start":{"line":4,"column":14},"end":{"line":4,"column":26}},{"start":{"line":4,"column":30},"end":{"line":4,"column":32}}],"line":4},"1":{"loc":{"start":{"line":5,"column":11},"end":{"line":5,"column":81}},"type":"binary-expr","locations":[{"start":{"line":5,"column":11},"end":{"line":5,"column":24}},{"start":{"line":5,"column":28},"end":{"line":5,"column":42}},{"start":{"line":5,"column":46},"end":{"line":5,"column":81}}],"line":5}},"s":{"0":1,"1":1,"2":1,"3":1,"4":1,"5":1},"f":{"0":1,"1":1},"b":{"0":[1,0],"1":[1,1,1]},"_coverageSchema":"1a1c01bbd47fc00a2c39e90264f33305004495a9","hash":"f860848c585d806348d86210f1ea2be94786049f"}
}
