TN:
SF:src\app.js
FN:32,(anonymous_0)
FNF:1
FNH:0
FNDA:0,(anonymous_0)
DA:1,1
DA:2,1
DA:3,1
DA:4,1
DA:5,1
DA:6,1
DA:7,1
DA:9,1
DA:12,1
DA:16,1
DA:23,1
DA:26,1
DA:29,1
DA:32,1
DA:33,0
DA:36,1
LF:16
LH:15
BRDA:17,0,0,0
BRDA:17,0,1,1
BRF:2
BRH:1
end_of_record
TN:
SF:src\config\env.js
FNF:0
FNH:0
DA:1,1
DA:3,1
DA:4,1
DA:5,1
DA:6,1
DA:7,1
DA:9,1
LF:7
LH:7
BRDA:4,0,0,1
BRDA:4,0,1,0
BRDA:5,1,0,1
BRDA:5,1,1,0
BRDA:6,2,0,1
BRDA:6,2,1,0
BRDA:7,3,0,1
BRDA:7,3,1,0
BRF:8
BRH:4
end_of_record
TN:
SF:src\config\logger.js
FN:1,(anonymous_0)
FNF:1
FNH:0
FNDA:0,(anonymous_0)
DA:1,2
DA:2,0
DA:3,0
DA:4,0
DA:7,2
LF:5
LH:2
BRDA:1,0,0,0
BRDA:3,1,0,0
BRDA:3,1,1,0
BRF:3
BRH:0
end_of_record
TN:
SF:src\controllers\admin.controller.js
FN:8,(anonymous_0)
FN:48,(anonymous_1)
FN:93,(anonymous_2)
FN:115,(anonymous_3)
FN:141,(anonymous_4)
FNF:5
FNH:0
FNDA:0,(anonymous_0)
FNDA:0,(anonymous_1)
FNDA:0,(anonymous_2)
FNDA:0,(anonymous_3)
FNDA:0,(anonymous_4)
DA:1,1
DA:2,1
DA:3,1
DA:4,1
DA:5,1
DA:8,1
DA:9,0
DA:10,0
DA:11,0
DA:13,0
DA:14,0
DA:15,0
DA:16,0
DA:18,0
DA:19,0
DA:22,0
DA:23,0
DA:25,0
DA:31,0
DA:42,0
DA:43,0
DA:48,1
DA:49,0
DA:51,0
DA:52,0
DA:53,0
DA:54,0
DA:55,0
DA:56,0
DA:59,0
DA:60,0
DA:61,0
DA:63,0
DA:64,0
DA:65,0
DA:67,0
DA:68,0
DA:77,0
DA:87,0
DA:88,0
DA:93,1
DA:94,0
DA:95,0
DA:96,0
DA:97,0
DA:99,0
DA:109,0
DA:110,0
DA:115,1
DA:116,0
DA:118,0
DA:119,0
DA:124,0
DA:135,0
DA:136,0
DA:141,1
DA:142,0
DA:143,0
DA:145,0
DA:146,0
DA:147,0
DA:148,0
DA:151,0
DA:152,0
DA:154,0
DA:156,0
DA:167,0
DA:168,0
DA:172,1
LF:69
LH:11
BRDA:10,0,0,0
BRDA:10,0,1,0
BRDA:10,1,0,0
BRDA:10,1,1,0
BRDA:16,2,0,0
BRDA:16,2,1,0
BRDA:18,3,0,0
BRDA:18,3,1,0
BRDA:18,4,0,0
BRDA:18,4,1,0
BRDA:22,5,0,0
BRDA:22,5,1,0
BRDA:51,6,0,0
BRDA:51,6,1,0
BRDA:51,7,0,0
BRDA:51,7,1,0
BRDA:53,8,0,0
BRDA:53,8,1,0
BRDA:53,9,0,0
BRDA:53,9,1,0
BRDA:55,10,0,0
BRDA:55,10,1,0
BRDA:60,11,0,0
BRDA:60,11,1,0
BRDA:60,12,0,0
BRDA:60,12,1,0
BRDA:64,13,0,0
BRDA:64,13,1,0
BRDA:71,14,0,0
BRDA:71,14,1,0
BRDA:72,15,0,0
BRDA:72,15,1,0
BRDA:73,16,0,0
BRDA:73,16,1,0
BRDA:96,17,0,0
BRDA:96,17,1,0
BRDA:120,18,0,0
BRDA:120,18,1,0
BRDA:121,19,0,0
BRDA:121,19,1,0
BRDA:147,20,0,0
BRDA:147,20,1,0
BRDA:151,21,0,0
BRDA:151,21,1,0
BRF:44
BRH:0
end_of_record
TN:
SF:src\controllers\appointment.controller.js
FN:9,(anonymous_0)
FN:22,(anonymous_1)
FN:36,(anonymous_2)
FN:76,(anonymous_3)
FN:134,(anonymous_4)
FN:165,(anonymous_5)
FN:186,(anonymous_6)
FN:206,(anonymous_7)
FN:225,(anonymous_8)
FN:227,(anonymous_9)
FNF:10
FNH:4
FNDA:0,(anonymous_0)
FNDA:0,(anonymous_1)
FNDA:0,(anonymous_2)
FNDA:1,(anonymous_3)
FNDA:0,(anonymous_4)
FNDA:0,(anonymous_5)
FNDA:0,(anonymous_6)
FNDA:3,(anonymous_7)
FNDA:2,(anonymous_8)
FNDA:4,(anonymous_9)
DA:1,1
DA:2,1
DA:3,1
DA:4,1
DA:5,1
DA:6,1
DA:9,1
DA:10,0
DA:12,0
DA:14,0
DA:16,0
DA:19,0
DA:22,0
DA:30,0
DA:31,0
DA:36,1
DA:37,0
DA:39,0
DA:40,0
DA:43,0
DA:44,0
DA:45,0
DA:47,0
DA:51,0
DA:52,0
DA:56,0
DA:57,0
DA:58,0
DA:59,0
DA:60,0
DA:61,0
DA:67,0
DA:68,0
DA:70,0
DA:71,0
DA:76,1
DA:77,1
DA:80,1
DA:82,1
DA:86,1
DA:87,0
DA:89,1
DA:90,0
DA:92,1
DA:93,0
DA:96,1
DA:97,0
DA:99,1
DA:100,1
DA:101,0
DA:103,1
DA:104,0
DA:106,1
DA:107,0
DA:109,1
DA:111,1
DA:112,0
DA:114,1
DA:124,1
DA:125,1
DA:126,1
DA:128,0
DA:129,0
DA:134,1
DA:135,0
DA:136,0
DA:138,0
DA:139,0
DA:141,0
DA:142,0
DA:143,0
DA:144,0
DA:149,0
DA:150,0
DA:152,0
DA:154,0
DA:155,0
DA:157,0
DA:159,0
DA:160,0
DA:165,1
DA:166,0
DA:168,0
DA:169,0
DA:170,0
DA:171,0
DA:173,0
DA:175,0
DA:176,0
DA:178,0
DA:180,0
DA:181,0
DA:186,1
DA:187,0
DA:189,0
DA:190,0
DA:191,0
DA:192,0
DA:195,0
DA:196,0
DA:198,0
DA:200,0
DA:201,0
DA:206,1
DA:207,3
DA:209,3
DA:210,1
DA:213,2
DA:214,2
DA:216,2
DA:217,1
DA:218,1
DA:219,1
DA:220,1
DA:221,1
DA:225,2
DA:226,2
DA:227,4
DA:229,2
DA:240,2
DA:242,0
DA:243,0
DA:247,1
LF:123
LH:47
BRDA:14,0,0,0
BRDA:14,0,1,0
BRDA:43,1,0,0
BRDA:43,1,1,0
BRDA:45,2,0,0
BRDA:45,2,1,0
BRDA:51,3,0,0
BRDA:51,3,1,0
BRDA:51,4,0,0
BRDA:51,4,1,0
BRDA:56,5,0,0
BRDA:56,5,1,0
BRDA:80,6,0,0
BRDA:80,6,1,1
BRDA:86,7,0,0
BRDA:86,7,1,1
BRDA:89,8,0,0
BRDA:89,8,1,1
BRDA:92,9,0,0
BRDA:92,9,1,1
BRDA:96,10,0,0
BRDA:96,10,1,1
BRDA:100,11,0,0
BRDA:100,11,1,1
BRDA:103,12,0,0
BRDA:103,12,1,1
BRDA:103,13,0,1
BRDA:103,13,1,1
BRDA:106,14,0,0
BRDA:106,14,1,1
BRDA:111,15,0,0
BRDA:111,15,1,1
BRDA:117,16,0,1
BRDA:117,16,1,0
BRDA:120,17,0,0
BRDA:120,17,1,1
BRDA:138,18,0,0
BRDA:138,18,1,0
BRDA:143,19,0,0
BRDA:143,19,1,0
BRDA:149,20,0,0
BRDA:149,20,1,0
BRDA:149,21,0,0
BRDA:149,21,1,0
BRDA:170,22,0,0
BRDA:170,22,1,0
BRDA:191,23,0,0
BRDA:191,23,1,0
BRDA:195,24,0,0
BRDA:195,24,1,0
BRDA:195,25,0,0
BRDA:195,25,1,0
BRDA:209,26,0,1
BRDA:209,26,1,2
BRDA:209,27,0,3
BRDA:209,27,1,2
BRDA:216,28,0,1
BRDA:216,28,1,1
BRDA:218,29,0,1
BRDA:218,29,1,0
BRDA:219,30,0,1
BRDA:219,30,1,0
BRDA:221,31,0,1
BRDA:221,31,1,0
BRDA:235,32,0,2
BRDA:235,32,1,0
BRF:66
BRH:23
end_of_record
TN:
SF:src\controllers\system.controller.js
FN:4,(anonymous_0)
FN:8,(anonymous_1)
FNF:2
FNH:0
FNDA:0,(anonymous_0)
FNDA:0,(anonymous_1)
DA:1,1
DA:2,1
DA:4,1
DA:5,0
DA:6,0
DA:7,0
DA:8,0
DA:9,0
DA:11,0
DA:13,0
DA:17,1
LF:11
LH:4
BRDA:9,0,0,0
BRDA:9,0,1,0
BRF:2
BRH:0
end_of_record
TN:
SF:src\middlewares\auth.middleware.js
FN:4,(anonymous_0)
FN:20,(anonymous_1)
FN:21,(anonymous_2)
FN:39,(anonymous_3)
FN:40,(anonymous_4)
FNF:5
FNH:1
FNDA:0,(anonymous_0)
FNDA:8,(anonymous_1)
FNDA:0,(anonymous_2)
FNDA:0,(anonymous_3)
FNDA:0,(anonymous_4)
DA:1,1
DA:2,1
DA:4,1
DA:5,0
DA:6,0
DA:7,0
DA:9,0
DA:10,0
DA:12,0
DA:13,0
DA:15,0
DA:20,1
DA:21,8
DA:22,0
DA:23,0
DA:26,0
DA:27,0
DA:34,0
DA:39,1
DA:40,0
DA:41,0
DA:42,0
DA:46,0
DA:47,0
DA:51,0
DA:52,0
DA:53,0
DA:56,0
DA:60,1
LF:29
LH:7
BRDA:6,0,0,0
BRDA:6,0,1,0
BRDA:6,1,0,0
BRDA:6,1,1,0
BRDA:22,2,0,0
BRDA:22,2,1,0
BRDA:26,3,0,0
BRDA:26,3,1,0
BRDA:41,4,0,0
BRDA:41,4,1,0
BRDA:46,5,0,0
BRDA:46,5,1,0
BRDA:51,6,0,0
BRDA:51,6,1,0
BRDA:52,7,0,0
BRDA:52,7,1,0
BRDA:52,8,0,0
BRDA:52,8,1,0
BRF:18
BRH:0
end_of_record
TN:
SF:src\middlewares\rateLimit.middleware.js
FNF:0
FNH:0
DA:1,1
DA:2,1
DA:4,1
DA:11,1
DA:18,1
DA:25,1
LF:6
LH:6
BRDA:6,0,0,0
BRDA:6,0,1,1
BRDA:13,1,0,0
BRDA:13,1,1,1
BRDA:20,2,0,0
BRDA:20,2,1,1
BRF:6
BRH:3
end_of_record
TN:
SF:src\routes\admin.routes.js
FN:21,(anonymous_0)
FNF:1
FNH:0
FNDA:0,(anonymous_0)
DA:1,1
DA:2,1
DA:4,1
DA:5,1
DA:6,1
DA:7,1
DA:10,1
DA:11,1
DA:12,1
DA:15,1
DA:18,1
DA:21,1
DA:22,0
DA:23,0
DA:24,0
DA:27,0
DA:28,0
DA:31,0
DA:33,0
DA:39,0
DA:43,1
LF:21
LH:13
BRF:0
BRH:0
end_of_record
TN:
SF:src\routes\appointment.routes.js
FN:9,(anonymous_0)
FN:13,(anonymous_1)
FN:17,(anonymous_2)
FN:21,(anonymous_3)
FN:25,(anonymous_4)
FN:29,(anonymous_5)
FN:33,(anonymous_6)
FNF:7
FNH:2
FNDA:0,(anonymous_0)
FNDA:3,(anonymous_1)
FNDA:0,(anonymous_2)
FNDA:0,(anonymous_3)
FNDA:1,(anonymous_4)
FNDA:0,(anonymous_5)
FNDA:0,(anonymous_6)
DA:1,1
DA:2,1
DA:4,1
DA:5,1
DA:7,1
DA:9,1
DA:10,0
DA:13,1
DA:14,3
DA:17,1
DA:18,0
DA:21,1
DA:22,0
DA:25,1
DA:26,1
DA:29,1
DA:30,0
DA:33,1
DA:34,0
DA:37,1
LF:20
LH:15
BRF:0
BRH:0
end_of_record
TN:
SF:src\routes\barber.routes.js
FN:8,(anonymous_0)
FN:14,(anonymous_1)
FN:31,(anonymous_2)
FN:34,(anonymous_3)
FN:35,(anonymous_4)
FN:50,(anonymous_5)
FN:74,(anonymous_6)
FN:114,(anonymous_7)
FN:150,(anonymous_8)
FN:172,(anonymous_9)
FNF:10
FNH:0
FNDA:0,(anonymous_0)
FNDA:0,(anonymous_1)
FNDA:0,(anonymous_2)
FNDA:0,(anonymous_3)
FNDA:0,(anonymous_4)
FNDA:0,(anonymous_5)
FNDA:0,(anonymous_6)
FNDA:0,(anonymous_7)
FNDA:0,(anonymous_8)
FNDA:0,(anonymous_9)
DA:1,1
DA:2,1
DA:3,1
DA:4,1
DA:5,1
DA:8,1
DA:9,0
DA:10,0
DA:11,0
DA:12,0
DA:14,0
DA:22,0
DA:23,0
DA:25,0
DA:26,0
DA:31,1
DA:32,0
DA:33,0
DA:34,0
DA:35,0
DA:43,0
DA:45,0
DA:50,1
DA:51,0
DA:52,0
DA:53,0
DA:54,0
DA:57,0
DA:58,0
DA:60,0
DA:69,0
DA:74,1
DA:75,0
DA:77,0
DA:78,0
DA:79,0
DA:80,0
DA:81,0
DA:82,0
DA:84,0
DA:85,0
DA:86,0
DA:88,0
DA:89,0
DA:98,0
DA:109,0
DA:114,1
DA:115,0
DA:116,0
DA:118,0
DA:119,0
DA:120,0
DA:121,0
DA:124,0
DA:125,0
DA:127,0
DA:128,0
DA:129,0
DA:130,0
DA:132,0
DA:134,0
DA:145,0
DA:150,1
DA:151,0
DA:153,0
DA:154,0
DA:155,0
DA:156,0
DA:159,0
DA:160,0
DA:163,0
DA:165,0
DA:167,0
DA:172,1
DA:173,0
DA:175,0
DA:176,0
DA:177,0
DA:178,0
DA:181,0
DA:182,0
DA:184,0
DA:186,0
DA:196,0
DA:200,1
LF:85
LH:13
BRDA:53,0,0,0
BRDA:53,0,1,0
BRDA:53,1,0,0
BRDA:53,1,1,0
BRDA:57,2,0,0
BRDA:57,2,1,0
BRDA:57,3,0,0
BRDA:57,3,1,0
BRDA:77,4,0,0
BRDA:77,4,1,0
BRDA:77,5,0,0
BRDA:77,5,1,0
BRDA:79,6,0,0
BRDA:79,6,1,0
BRDA:79,7,0,0
BRDA:79,7,1,0
BRDA:81,8,0,0
BRDA:81,8,1,0
BRDA:85,9,0,0
BRDA:85,9,1,0
BRDA:93,10,0,0
BRDA:93,10,1,0
BRDA:94,11,0,0
BRDA:94,11,1,0
BRDA:120,12,0,0
BRDA:120,12,1,0
BRDA:120,13,0,0
BRDA:120,13,1,0
BRDA:124,14,0,0
BRDA:124,14,1,0
BRDA:124,15,0,0
BRDA:124,15,1,0
BRDA:128,16,0,0
BRDA:128,16,1,0
BRDA:129,17,0,0
BRDA:129,17,1,0
BRDA:130,18,0,0
BRDA:130,18,1,0
BRDA:155,19,0,0
BRDA:155,19,1,0
BRDA:155,20,0,0
BRDA:155,20,1,0
BRDA:159,21,0,0
BRDA:159,21,1,0
BRDA:177,22,0,0
BRDA:177,22,1,0
BRDA:177,23,0,0
BRDA:177,23,1,0
BRDA:181,24,0,0
BRDA:181,24,1,0
BRF:50
BRH:0
end_of_record
TN:
SF:src\routes\index.js
FNF:0
FNH:0
DA:1,1
DA:2,1
DA:4,1
DA:5,1
DA:6,1
DA:7,1
DA:9,1
DA:10,1
DA:11,1
DA:12,1
DA:14,1
LF:11
LH:11
BRF:0
BRH:0
end_of_record
TN:
SF:src\routes\system.routes.js
FNF:0
FNH:0
DA:1,1
DA:2,1
DA:4,1
DA:6,1
DA:8,1
LF:5
LH:5
BRF:0
BRH:0
end_of_record
TN:
SF:src\services\db.service.js
FN:7,(anonymous_0)
FN:11,(anonymous_1)
FN:15,(anonymous_2)
FN:19,(anonymous_3)
FN:23,(anonymous_4)
FN:27,(anonymous_5)
FN:34,(anonymous_6)
FN:40,(anonymous_7)
FN:46,(anonymous_8)
FN:54,(anonymous_9)
FN:61,(anonymous_10)
FN:71,(anonymous_11)
FN:81,(anonymous_12)
FN:88,(anonymous_13)
FN:98,(anonymous_14)
FN:107,(anonymous_15)
FN:133,(anonymous_16)
FN:141,(anonymous_17)
FN:147,(anonymous_18)
FN:181,(anonymous_19)
FNF:20
FNH:4
FNDA:0,(anonymous_0)
FNDA:0,(anonymous_1)
FNDA:0,(anonymous_2)
FNDA:0,(anonymous_3)
FNDA:0,(anonymous_4)
FNDA:0,(anonymous_5)
FNDA:0,(anonymous_6)
FNDA:0,(anonymous_7)
FNDA:0,(anonymous_8)
FNDA:0,(anonymous_9)
FNDA:0,(anonymous_10)
FNDA:0,(anonymous_11)
FNDA:1,(anonymous_12)
FNDA:1,(anonymous_13)
FNDA:1,(anonymous_14)
FNDA:1,(anonymous_15)
FNDA:0,(anonymous_16)
FNDA:0,(anonymous_17)
FNDA:0,(anonymous_18)
FNDA:0,(anonymous_19)
DA:1,1
DA:2,1
DA:3,1
DA:7,1
DA:8,0
DA:11,1
DA:12,0
DA:15,1
DA:16,0
DA:19,1
DA:20,0
DA:23,1
DA:24,0
DA:27,1
DA:28,0
DA:34,1
DA:35,0
DA:40,1
DA:41,0
DA:46,1
DA:47,0
DA:54,1
DA:55,0
DA:61,1
DA:62,0
DA:71,1
DA:72,0
DA:81,1
DA:82,1
DA:88,1
DA:89,1
DA:96,1
DA:98,1
DA:99,1
DA:100,1
DA:101,1
DA:102,6
DA:104,1
DA:107,1
DA:108,1
DA:115,1
DA:116,1
DA:117,1
DA:118,1
DA:119,1
DA:120,1
DA:122,0
DA:123,0
DA:127,1
DA:133,1
DA:134,0
DA:141,1
DA:142,0
DA:147,1
DA:148,0
DA:149,0
DA:150,0
DA:151,0
DA:152,0
DA:155,0
DA:156,0
DA:157,0
DA:158,0
DA:160,0
DA:169,0
DA:181,1
DA:182,0
DA:183,0
DA:184,0
DA:186,0
DA:187,0
DA:191,1
LF:72
LH:40
BRDA:46,0,0,0
BRDA:110,1,0,1
BRDA:110,1,1,1
BRDA:111,2,0,1
BRDA:111,2,1,1
BRDA:117,3,0,2
BRDA:117,3,1,1
BRDA:119,4,0,1
BRDA:119,4,1,0
BRF:9
BRH:7
end_of_record
TN:
SF:src\utils\validators.js
FN:1,(anonymous_0)
FN:3,(anonymous_1)
FNF:2
FNH:2
FNDA:1,(anonymous_0)
FNDA:1,(anonymous_1)
DA:1,1
DA:3,1
DA:4,1
DA:5,1
DA:8,1
LF:5
LH:5
BRDA:4,0,0,1
BRDA:4,0,1,0
BRDA:5,1,0,1
BRDA:5,1,1,1
BRDA:5,1,2,1
BRF:5
BRH:4
end_of_record
